Connecting to database specified by database.yml
Connecting to database specified by database.yml
  [1m[36m (0.5ms)[0m  [1mselect sqlite_version(*)[0m
  [1m[35m (2.5ms)[0m  CREATE TABLE "schema_migrations" ("version" varchar(255) NOT NULL) 
  [1m[36m (1.2ms)[0m  [1mCREATE UNIQUE INDEX "unique_schema_migrations" ON "schema_migrations" ("version")[0m
  [1m[35m (0.1ms)[0m  SELECT "schema_migrations"."version" FROM "schema_migrations" 
Migrating to CreateBitcoinPayments (20180226155548)
  [1m[36m (0.1ms)[0m  [1mbegin transaction[0m
  [1m[35m (0.5ms)[0m  CREATE TABLE "bitcoin_payments" ("id" INTEGER PRIMARY KEY AUTOINCREMENT NOT NULL, "payable_type" varchar(255), "payable_id" integer, "currency" varchar(255), "crypto" varchar(255), "reason" varchar(255), "price" integer, "btc_amount_due" float DEFAULT 0, "address" varchar(255), "state" varchar(255), "created_at" datetime, "updated_at" datetime) 
  [1m[36m (0.2ms)[0m  [1mCREATE INDEX "index_bitcoin_payments_on_payable_type_and_payable_id" ON "bitcoin_payments" ("payable_type", "payable_id")[0m
  [1m[35m (0.1ms)[0m  INSERT INTO "schema_migrations" ("version") VALUES ('20180226155548')
  [1m[36m (1.1ms)[0m  [1mcommit transaction[0m
Migrating to CreateBitcoinPaymentTransactions (20180226155549)
  [1m[35m (0.0ms)[0m  begin transaction
  [1m[36m (0.7ms)[0m  [1mCREATE TABLE "bitcoin_payment_transactions" ("id" INTEGER PRIMARY KEY AUTOINCREMENT NOT NULL, "estimated_value" integer, "transaction_hash" varchar(255), "block_hash" varchar(255), "block_number" integer, "confirmations" integer, "block_time" datetime, "estimated_time" datetime, "bitcoin_payment_id" integer, "btc_conversion" integer) [0m
  [1m[35m (0.2ms)[0m  CREATE INDEX "index_bitcoin_payment_transactions_on_bitcoin_payment_id" ON "bitcoin_payment_transactions" ("bitcoin_payment_id")
  [1m[36m (0.3ms)[0m  [1mINSERT INTO "schema_migrations" ("version") VALUES ('20180226155549')[0m
  [1m[35m (1.2ms)[0m  commit transaction
Migrating to CreateCurrencyConversions (20180226155550)
  [1m[36m (0.1ms)[0m  [1mbegin transaction[0m
  [1m[35m (0.6ms)[0m  CREATE TABLE "currency_conversions" ("id" INTEGER PRIMARY KEY AUTOINCREMENT NOT NULL, "currency" varchar(255), "crypto" varchar(255), "rate" integer, "created_at" datetime, "updated_at" datetime) 
  [1m[36m (0.2ms)[0m  [1mINSERT INTO "schema_migrations" ("version") VALUES ('20180226155550')[0m
  [1m[35m (0.9ms)[0m  commit transaction
Migrating to AddBtcConversionToBitcoinPayments (20180226155551)
  [1m[36m (0.0ms)[0m  [1mbegin transaction[0m
  [1m[35m (0.7ms)[0m  ALTER TABLE "bitcoin_payments" ADD "btc_conversion" integer
  [1m[36m (0.2ms)[0m  [1mINSERT INTO "schema_migrations" ("version") VALUES ('20180226155551')[0m
  [1m[35m (0.9ms)[0m  commit transaction
  [1m[36m (0.2ms)[0m  [1mSELECT "schema_migrations"."version" FROM "schema_migrations" [0m
Connecting to database specified by database.yml
  [1m[36m (0.1ms)[0m  [1mSELECT "schema_migrations"."version" FROM "schema_migrations" [0m
Migrating to CreateBitcoinPayments (20180226155548)
Migrating to CreateBitcoinPaymentTransactions (20180226155549)
Migrating to CreateCurrencyConversions (20180226155550)
Migrating to AddBtcConversionToBitcoinPayments (20180226155551)
  [1m[35m (0.1ms)[0m  select sqlite_version(*)
  [1m[36m (0.1ms)[0m  [1mSELECT "schema_migrations"."version" FROM "schema_migrations" [0m
Connecting to database specified by database.yml
