  [1m[36m (80.0ms)[0m  [1mCREATE TABLE "schema_migrations" ("version" varchar(255) NOT NULL) [0m
  [1m[35m (56.7ms)[0m  CREATE UNIQUE INDEX "unique_schema_migrations" ON "schema_migrations" ("version")
  [1m[36mActiveRecord::SchemaMigration Load (0.7ms)[0m  [1mSELECT "schema_migrations".* FROM "schema_migrations"[0m
Migrating to CreateWidgets (20140510023211)
  [1m[35m (0.4ms)[0m  begin transaction
  [1m[36m (1.0ms)[0m  [1mCREATE TABLE "widgets" ("id" INTEGER PRIMARY KEY AUTOINCREMENT NOT NULL, "created_at" datetime, "updated_at" datetime) [0m
  [1m[35mSQL (0.8ms)[0m  INSERT INTO "schema_migrations" ("version") VALUES (?)  [["version", "20140510023211"]]
  [1m[36m (46.8ms)[0m  [1mcommit transaction[0m
  [1m[35mActiveRecord::SchemaMigration Load (0.3ms)[0m  SELECT "schema_migrations".* FROM "schema_migrations"
  [1m[36mActiveRecord::SchemaMigration Load (0.4ms)[0m  [1mSELECT "schema_migrations".* FROM "schema_migrations"[0m
Migrating to CreateBitcoinPayments (20140510025632)
  [1m[35m (0.2ms)[0m  begin transaction
  [1m[36m (1.2ms)[0m  [1mCREATE TABLE "bitcoin_payments" ("id" INTEGER PRIMARY KEY AUTOINCREMENT NOT NULL, "payable_type" varchar(255), "payable_id" integer, "currency" varchar(255), "reason" varchar(255), "amount_due" integer, "address" varchar(255), "state" varchar(255), "created_at" datetime, "updated_at" datetime, "amount_paid" integer DEFAULT 0) [0m
  [1m[35m (0.4ms)[0m  CREATE INDEX "index_versions_on_payable_type_and_payable_id" ON "versions" ("payable_type", "payable_id")
SQLite3::SQLException: no such table: main.versions: CREATE  INDEX "index_versions_on_payable_type_and_payable_id" ON "versions" ("payable_type", "payable_id")
  [1m[36m (0.4ms)[0m  [1mrollback transaction[0m
  [1m[36mActiveRecord::SchemaMigration Load (0.4ms)[0m  [1mSELECT "schema_migrations".* FROM "schema_migrations"[0m
Migrating to CreateBitcoinPayments (20140510025739)
  [1m[35m (0.3ms)[0m  begin transaction
  [1m[36m (1.3ms)[0m  [1mCREATE TABLE "bitcoin_payments" ("id" INTEGER PRIMARY KEY AUTOINCREMENT NOT NULL, "payable_type" varchar(255), "payable_id" integer, "currency" varchar(255), "reason" varchar(255), "amount_due" integer, "address" varchar(255), "state" varchar(255), "created_at" datetime, "updated_at" datetime, "amount_paid" integer DEFAULT 0) [0m
  [1m[35m (1.4ms)[0m  CREATE INDEX "index_bitcoin_payments_on_payable_type_and_payable_id" ON "bitcoin_payments" ("payable_type", "payable_id")
  [1m[36mSQL (1.3ms)[0m  [1mINSERT INTO "schema_migrations" ("version") VALUES (?)[0m  [["version", "20140510025739"]]
  [1m[35m (80.5ms)[0m  commit transaction
Migrating to CreateBitcoinPaymentTransactions (20140510025740)
  [1m[36m (0.4ms)[0m  [1mbegin transaction[0m
  [1m[35m (1.2ms)[0m  CREATE TABLE "bitcoin_payment_transactions" ("id" INTEGER PRIMARY KEY AUTOINCREMENT NOT NULL, "hash" varchar(255), "block_hash" varchar(255), "block_time" datetime, "estimated_time" datetime) 
  [1m[36mSQL (0.9ms)[0m  [1mINSERT INTO "schema_migrations" ("version") VALUES (?)[0m  [["version", "20140510025740"]]
  [1m[35m (48.9ms)[0m  commit transaction
  [1m[36mActiveRecord::SchemaMigration Load (0.2ms)[0m  [1mSELECT "schema_migrations".* FROM "schema_migrations"[0m
  [1m[36m (63.0ms)[0m  [1mCREATE TABLE "bitcoin_payment_transactions" ("id" INTEGER PRIMARY KEY AUTOINCREMENT NOT NULL, "hash" varchar(255), "block_hash" varchar(255), "block_time" datetime, "estimated_time" datetime) [0m
  [1m[35m (47.6ms)[0m  CREATE TABLE "bitcoin_payments" ("id" INTEGER PRIMARY KEY AUTOINCREMENT NOT NULL, "payable_type" varchar(255), "payable_id" integer, "currency" varchar(255), "reason" varchar(255), "amount_due" integer, "address" varchar(255), "state" varchar(255), "created_at" datetime, "updated_at" datetime, "amount_paid" integer DEFAULT 0) 
  [1m[36m (50.1ms)[0m  [1mCREATE INDEX "index_bitcoin_payments_on_payable_type_and_payable_id" ON "bitcoin_payments" ("payable_type", "payable_id")[0m
  [1m[35m (54.1ms)[0m  CREATE TABLE "widgets" ("id" INTEGER PRIMARY KEY AUTOINCREMENT NOT NULL, "created_at" datetime, "updated_at" datetime) 
  [1m[36m (65.2ms)[0m  [1mCREATE TABLE "schema_migrations" ("version" varchar(255) NOT NULL) [0m
  [1m[35m (55.2ms)[0m  CREATE UNIQUE INDEX "unique_schema_migrations" ON "schema_migrations" ("version")
  [1m[36m (0.5ms)[0m  [1mSELECT version FROM "schema_migrations"[0m
  [1m[35m (60.2ms)[0m  INSERT INTO "schema_migrations" (version) VALUES ('20140510025740')
  [1m[36m (61.5ms)[0m  [1mINSERT INTO "schema_migrations" (version) VALUES ('20140510023211')[0m
  [1m[35m (60.1ms)[0m  INSERT INTO "schema_migrations" (version) VALUES ('20140510025739')
  [1m[36mActiveRecord::SchemaMigration Load (0.4ms)[0m  [1mSELECT "schema_migrations".* FROM "schema_migrations"[0m
Migrating to CreateCurrencyConversions (20140510124424)
  [1m[35m (0.2ms)[0m  begin transaction
  [1m[36m (1.4ms)[0m  [1mCREATE TABLE "currency_conversions" ("id" INTEGER PRIMARY KEY AUTOINCREMENT NOT NULL, "usd" float, "btc" integer, "created_at" datetime, "updated_at" datetime) [0m
  [1m[35mSQL (0.8ms)[0m  INSERT INTO "schema_migrations" ("version") VALUES (?)  [["version", "20140510124424"]]
  [1m[36m (69.5ms)[0m  [1mcommit transaction[0m
  [1m[35mActiveRecord::SchemaMigration Load (0.3ms)[0m  SELECT "schema_migrations".* FROM "schema_migrations"
  [1m[36m (66.3ms)[0m  [1mCREATE TABLE "bitcoin_payment_transactions" ("id" INTEGER PRIMARY KEY AUTOINCREMENT NOT NULL, "hash" varchar(255), "block_hash" varchar(255), "block_time" datetime, "estimated_time" datetime) [0m
  [1m[35m (49.5ms)[0m  CREATE TABLE "bitcoin_payments" ("id" INTEGER PRIMARY KEY AUTOINCREMENT NOT NULL, "payable_type" varchar(255), "payable_id" integer, "currency" varchar(255), "reason" varchar(255), "amount_due" integer, "address" varchar(255), "state" varchar(255), "created_at" datetime, "updated_at" datetime, "amount_paid" integer DEFAULT 0) 
  [1m[36m (47.7ms)[0m  [1mCREATE INDEX "index_bitcoin_payments_on_payable_type_and_payable_id" ON "bitcoin_payments" ("payable_type", "payable_id")[0m
  [1m[35m (50.6ms)[0m  CREATE TABLE "currency_conversions" ("id" INTEGER PRIMARY KEY AUTOINCREMENT NOT NULL, "usd" float, "btc" integer, "created_at" datetime, "updated_at" datetime) 
  [1m[36m (65.6ms)[0m  [1mCREATE TABLE "widgets" ("id" INTEGER PRIMARY KEY AUTOINCREMENT NOT NULL, "created_at" datetime, "updated_at" datetime) [0m
  [1m[35m (58.7ms)[0m  CREATE TABLE "schema_migrations" ("version" varchar(255) NOT NULL) 
  [1m[36m (48.8ms)[0m  [1mCREATE UNIQUE INDEX "unique_schema_migrations" ON "schema_migrations" ("version")[0m
  [1m[35m (0.6ms)[0m  SELECT version FROM "schema_migrations"
  [1m[36m (42.6ms)[0m  [1mINSERT INTO "schema_migrations" (version) VALUES ('20140510124424')[0m
  [1m[35m (69.8ms)[0m  INSERT INTO "schema_migrations" (version) VALUES ('20140510023211')
  [1m[36m (48.2ms)[0m  [1mINSERT INTO "schema_migrations" (version) VALUES ('20140510025740')[0m
  [1m[35m (55.6ms)[0m  INSERT INTO "schema_migrations" (version) VALUES ('20140510025739')
  [1m[36mActiveRecord::SchemaMigration Load (0.4ms)[0m  [1mSELECT "schema_migrations".* FROM "schema_migrations"[0m
  [1m[35mActiveRecord::SchemaMigration Load (0.2ms)[0m  SELECT "schema_migrations".* FROM "schema_migrations"
Migrating to CreateCurrencyConversions (20140510124424)
  [1m[36m (0.2ms)[0m  [1mbegin transaction[0m
  [1m[35m (1.0ms)[0m  DROP TABLE "currency_conversions"
  [1m[36mSQL (0.6ms)[0m  [1mDELETE FROM "schema_migrations" WHERE "schema_migrations"."version" = '20140510124424'[0m
  [1m[35m (65.8ms)[0m  commit transaction
  [1m[36mActiveRecord::SchemaMigration Load (0.4ms)[0m  [1mSELECT "schema_migrations".* FROM "schema_migrations"[0m
  [1m[36mActiveRecord::SchemaMigration Load (0.4ms)[0m  [1mSELECT "schema_migrations".* FROM "schema_migrations"[0m
Migrating to CreateCurrencyConversions (20140511021326)
  [1m[35m (0.2ms)[0m  begin transaction
  [1m[36m (1.8ms)[0m  [1mCREATE TABLE "currency_conversions" ("id" INTEGER PRIMARY KEY AUTOINCREMENT NOT NULL, "currency" float, "btc" integer, "created_at" datetime, "updated_at" datetime) [0m
  [1m[35mSQL (0.7ms)[0m  INSERT INTO "schema_migrations" ("version") VALUES (?)  [["version", "20140511021326"]]
  [1m[36m (66.5ms)[0m  [1mcommit transaction[0m
  [1m[35mActiveRecord::SchemaMigration Load (0.3ms)[0m  SELECT "schema_migrations".* FROM "schema_migrations"
  [1m[36m (65.2ms)[0m  [1mCREATE TABLE "bitcoin_payment_transactions" ("id" INTEGER PRIMARY KEY AUTOINCREMENT NOT NULL, "hash" varchar(255), "block_hash" varchar(255), "block_time" datetime, "estimated_time" datetime) [0m
  [1m[35m (54.7ms)[0m  CREATE TABLE "bitcoin_payments" ("id" INTEGER PRIMARY KEY AUTOINCREMENT NOT NULL, "payable_type" varchar(255), "payable_id" integer, "currency" varchar(255), "reason" varchar(255), "amount_due" integer, "address" varchar(255), "state" varchar(255), "created_at" datetime, "updated_at" datetime, "amount_paid" integer DEFAULT 0) 
  [1m[36m (47.2ms)[0m  [1mCREATE INDEX "index_bitcoin_payments_on_payable_type_and_payable_id" ON "bitcoin_payments" ("payable_type", "payable_id")[0m
  [1m[35m (50.5ms)[0m  CREATE TABLE "currency_conversions" ("id" INTEGER PRIMARY KEY AUTOINCREMENT NOT NULL, "currency" float, "btc" integer, "created_at" datetime, "updated_at" datetime) 
  [1m[36m (51.5ms)[0m  [1mCREATE TABLE "widgets" ("id" INTEGER PRIMARY KEY AUTOINCREMENT NOT NULL, "created_at" datetime, "updated_at" datetime) [0m
  [1m[35m (53.3ms)[0m  CREATE TABLE "schema_migrations" ("version" varchar(255) NOT NULL) 
  [1m[36m (42.4ms)[0m  [1mCREATE UNIQUE INDEX "unique_schema_migrations" ON "schema_migrations" ("version")[0m
  [1m[35m (0.6ms)[0m  SELECT version FROM "schema_migrations"
  [1m[36m (44.3ms)[0m  [1mINSERT INTO "schema_migrations" (version) VALUES ('20140511021326')[0m
  [1m[35m (43.4ms)[0m  INSERT INTO "schema_migrations" (version) VALUES ('20140510023211')
  [1m[36m (45.1ms)[0m  [1mINSERT INTO "schema_migrations" (version) VALUES ('20140510025740')[0m
  [1m[35m (60.0ms)[0m  INSERT INTO "schema_migrations" (version) VALUES ('20140510025739')
  [1m[36m (82.3ms)[0m  [1mCREATE TABLE "bitcoin_payment_transactions" ("id" INTEGER PRIMARY KEY AUTOINCREMENT NOT NULL, "hash" varchar(255), "block_hash" varchar(255), "block_time" datetime, "estimated_time" datetime) [0m
  [1m[35m (53.4ms)[0m  CREATE TABLE "bitcoin_payments" ("id" INTEGER PRIMARY KEY AUTOINCREMENT NOT NULL, "payable_type" varchar(255), "payable_id" integer, "currency" varchar(255), "reason" varchar(255), "amount_due" integer, "address" varchar(255), "state" varchar(255), "created_at" datetime, "updated_at" datetime, "amount_paid" integer DEFAULT 0) 
  [1m[36m (61.8ms)[0m  [1mCREATE INDEX "index_bitcoin_payments_on_payable_type_and_payable_id" ON "bitcoin_payments" ("payable_type", "payable_id")[0m
  [1m[35m (61.1ms)[0m  CREATE TABLE "currency_conversions" ("id" INTEGER PRIMARY KEY AUTOINCREMENT NOT NULL, "currency" float, "btc" integer, "created_at" datetime, "updated_at" datetime) 
  [1m[36m (78.4ms)[0m  [1mCREATE TABLE "widgets" ("id" INTEGER PRIMARY KEY AUTOINCREMENT NOT NULL, "created_at" datetime, "updated_at" datetime) [0m
  [1m[35m (51.2ms)[0m  CREATE TABLE "schema_migrations" ("version" varchar(255) NOT NULL) 
  [1m[36m (46.0ms)[0m  [1mCREATE UNIQUE INDEX "unique_schema_migrations" ON "schema_migrations" ("version")[0m
  [1m[35m (0.2ms)[0m  SELECT version FROM "schema_migrations"
  [1m[36m (54.7ms)[0m  [1mINSERT INTO "schema_migrations" (version) VALUES ('20140511021326')[0m
  [1m[35m (51.9ms)[0m  INSERT INTO "schema_migrations" (version) VALUES ('20140510023211')
  [1m[36m (59.2ms)[0m  [1mINSERT INTO "schema_migrations" (version) VALUES ('20140510025740')[0m
  [1m[35m (49.0ms)[0m  INSERT INTO "schema_migrations" (version) VALUES ('20140510025739')
  [1m[36mActiveRecord::SchemaMigration Load (0.3ms)[0m  [1mSELECT "schema_migrations".* FROM "schema_migrations"[0m
  [1m[36m (59.2ms)[0m  [1mCREATE TABLE "schema_migrations" ("version" varchar(255) NOT NULL) [0m
  [1m[35m (62.4ms)[0m  CREATE UNIQUE INDEX "unique_schema_migrations" ON "schema_migrations" ("version")
  [1m[36mActiveRecord::SchemaMigration Load (0.2ms)[0m  [1mSELECT "schema_migrations".* FROM "schema_migrations"[0m
Migrating to CreateWidgets (20140510023211)
  [1m[35m (0.2ms)[0m  begin transaction
  [1m[36m (0.7ms)[0m  [1mCREATE TABLE "widgets" ("id" INTEGER PRIMARY KEY AUTOINCREMENT NOT NULL, "created_at" datetime, "updated_at" datetime) [0m
  [1m[35mSQL (0.3ms)[0m  INSERT INTO "schema_migrations" ("version") VALUES (?)  [["version", "20140510023211"]]
  [1m[36m (42.4ms)[0m  [1mcommit transaction[0m
Migrating to CreateCurrencyConversions (20140511021326)
  [1m[35m (0.2ms)[0m  begin transaction
  [1m[36m (0.6ms)[0m  [1mCREATE TABLE "currency_conversions" ("id" INTEGER PRIMARY KEY AUTOINCREMENT NOT NULL, "currency" float, "btc" integer, "created_at" datetime, "updated_at" datetime) [0m
  [1m[35mSQL (0.6ms)[0m  INSERT INTO "schema_migrations" ("version") VALUES (?)  [["version", "20140511021326"]]
  [1m[36m (46.9ms)[0m  [1mcommit transaction[0m
Migrating to CreateBitcoinPayments (20140902213337)
  [1m[35m (0.2ms)[0m  begin transaction
  [1m[36m (0.8ms)[0m  [1mCREATE TABLE "bitcoin_payments" ("id" INTEGER PRIMARY KEY AUTOINCREMENT NOT NULL, "payable_type" varchar(255), "payable_id" integer, "currency" varchar(255), "reason" varchar(255), "price" integer, "btc_amount_due" float DEFAULT 0, "address" varchar(255), "state" varchar(255), "created_at" datetime, "updated_at" datetime) [0m
  [1m[35m (0.4ms)[0m  CREATE INDEX "index_bitcoin_payments_on_payable_type_and_payable_id" ON "bitcoin_payments" ("payable_type", "payable_id")
  [1m[36mSQL (0.2ms)[0m  [1mINSERT INTO "schema_migrations" ("version") VALUES (?)[0m  [["version", "20140902213337"]]
  [1m[35m (58.7ms)[0m  commit transaction
Migrating to CreateBitcoinPaymentTransactions (20140902213338)
  [1m[36m (0.2ms)[0m  [1mbegin transaction[0m
  [1m[35m (0.5ms)[0m  CREATE TABLE "bitcoin_payment_transactions" ("id" INTEGER PRIMARY KEY AUTOINCREMENT NOT NULL, "estimated_value" integer, "transaction_hash" varchar(255), "block_hash" varchar(255), "block_time" datetime, "estimated_time" datetime, "bitcoin_payment_id" integer, "btc_conversion" integer) 
  [1m[36m (0.4ms)[0m  [1mCREATE INDEX "index_bitcoin_payment_transactions_on_bitcoin_payment_id" ON "bitcoin_payment_transactions" ("bitcoin_payment_id")[0m
  [1m[35mSQL (0.3ms)[0m  INSERT INTO "schema_migrations" ("version") VALUES (?)  [["version", "20140902213338"]]
  [1m[36m (42.3ms)[0m  [1mcommit transaction[0m
  [1m[35mActiveRecord::SchemaMigration Load (0.2ms)[0m  SELECT "schema_migrations".* FROM "schema_migrations"
  [1m[36m (61.7ms)[0m  [1mCREATE TABLE "bitcoin_payment_transactions" ("id" INTEGER PRIMARY KEY AUTOINCREMENT NOT NULL, "estimated_value" integer, "transaction_hash" varchar(255), "block_hash" varchar(255), "block_time" datetime, "estimated_time" datetime, "bitcoin_payment_id" integer, "btc_conversion" integer) [0m
  [1m[35m (54.1ms)[0m  CREATE INDEX "index_bitcoin_payment_transactions_on_bitcoin_payment_id" ON "bitcoin_payment_transactions" ("bitcoin_payment_id")
  [1m[36m (37.5ms)[0m  [1mCREATE TABLE "bitcoin_payments" ("id" INTEGER PRIMARY KEY AUTOINCREMENT NOT NULL, "payable_type" varchar(255), "payable_id" integer, "currency" varchar(255), "reason" varchar(255), "price" integer, "btc_amount_due" float DEFAULT 0.0, "address" varchar(255), "state" varchar(255), "created_at" datetime, "updated_at" datetime) [0m
  [1m[35m (50.9ms)[0m  CREATE INDEX "index_bitcoin_payments_on_payable_type_and_payable_id" ON "bitcoin_payments" ("payable_type", "payable_id")
  [1m[36m (53.9ms)[0m  [1mCREATE TABLE "currency_conversions" ("id" INTEGER PRIMARY KEY AUTOINCREMENT NOT NULL, "currency" float, "btc" integer, "created_at" datetime, "updated_at" datetime) [0m
  [1m[35m (52.8ms)[0m  CREATE TABLE "widgets" ("id" INTEGER PRIMARY KEY AUTOINCREMENT NOT NULL, "created_at" datetime, "updated_at" datetime) 
  [1m[36m (64.5ms)[0m  [1mCREATE TABLE "schema_migrations" ("version" varchar(255) NOT NULL) [0m
  [1m[35m (51.9ms)[0m  CREATE UNIQUE INDEX "unique_schema_migrations" ON "schema_migrations" ("version")
  [1m[36m (0.2ms)[0m  [1mSELECT version FROM "schema_migrations"[0m
  [1m[35m (53.8ms)[0m  INSERT INTO "schema_migrations" (version) VALUES ('20140902213338')
  [1m[36m (48.0ms)[0m  [1mINSERT INTO "schema_migrations" (version) VALUES ('20140902213337')[0m
  [1m[35m (50.5ms)[0m  INSERT INTO "schema_migrations" (version) VALUES ('20140510023211')
  [1m[36m (48.6ms)[0m  [1mINSERT INTO "schema_migrations" (version) VALUES ('20140511021326')[0m
  [1m[36mActiveRecord::SchemaMigration Load (0.3ms)[0m  [1mSELECT "schema_migrations".* FROM "schema_migrations"[0m
Migrating to AddBtcConversionToBitcoinPayments (20140917144413)
  [1m[35m (0.1ms)[0m  begin transaction
  [1m[36m (1.0ms)[0m  [1mALTER TABLE "bitcoin_payments" ADD "btc_conversion" integer[0m
  [1m[35mSQL (0.6ms)[0m  INSERT INTO "schema_migrations" ("version") VALUES (?)  [["version", "20140917144413"]]
  [1m[36m (66.5ms)[0m  [1mcommit transaction[0m
  [1m[35mActiveRecord::SchemaMigration Load (0.2ms)[0m  SELECT "schema_migrations".* FROM "schema_migrations"
  [1m[36m (71.3ms)[0m  [1mCREATE TABLE "bitcoin_payment_transactions" ("id" INTEGER PRIMARY KEY AUTOINCREMENT NOT NULL, "estimated_value" integer, "transaction_hash" varchar(255), "block_hash" varchar(255), "block_time" datetime, "estimated_time" datetime, "bitcoin_payment_id" integer, "btc_conversion" integer) [0m
  [1m[35m (50.8ms)[0m  CREATE INDEX "index_bitcoin_payment_transactions_on_bitcoin_payment_id" ON "bitcoin_payment_transactions" ("bitcoin_payment_id")
  [1m[36m (53.6ms)[0m  [1mCREATE TABLE "bitcoin_payments" ("id" INTEGER PRIMARY KEY AUTOINCREMENT NOT NULL, "payable_type" varchar(255), "payable_id" integer, "currency" varchar(255), "reason" varchar(255), "price" integer, "btc_amount_due" float DEFAULT 0.0, "address" varchar(255), "state" varchar(255), "created_at" datetime, "updated_at" datetime, "btc_conversion" integer) [0m
  [1m[35m (70.4ms)[0m  CREATE INDEX "index_bitcoin_payments_on_payable_type_and_payable_id" ON "bitcoin_payments" ("payable_type", "payable_id")
  [1m[36m (42.6ms)[0m  [1mCREATE TABLE "currency_conversions" ("id" INTEGER PRIMARY KEY AUTOINCREMENT NOT NULL, "currency" float, "btc" integer, "created_at" datetime, "updated_at" datetime) [0m
  [1m[35m (66.5ms)[0m  CREATE TABLE "widgets" ("id" INTEGER PRIMARY KEY AUTOINCREMENT NOT NULL, "created_at" datetime, "updated_at" datetime) 
  [1m[36m (62.5ms)[0m  [1mCREATE TABLE "schema_migrations" ("version" varchar(255) NOT NULL) [0m
  [1m[35m (58.3ms)[0m  CREATE UNIQUE INDEX "unique_schema_migrations" ON "schema_migrations" ("version")
  [1m[36m (0.2ms)[0m  [1mSELECT version FROM "schema_migrations"[0m
  [1m[35m (48.4ms)[0m  INSERT INTO "schema_migrations" (version) VALUES ('20140917144413')
  [1m[36m (57.8ms)[0m  [1mINSERT INTO "schema_migrations" (version) VALUES ('20140902213337')[0m
  [1m[35m (39.4ms)[0m  INSERT INTO "schema_migrations" (version) VALUES ('20140510023211')
  [1m[36m (36.3ms)[0m  [1mINSERT INTO "schema_migrations" (version) VALUES ('20140902213338')[0m
  [1m[35m (56.2ms)[0m  INSERT INTO "schema_migrations" (version) VALUES ('20140511021326')
  [1m[35m (0.4ms)[0m  [1m[34mSELECT "schema_migrations"."version" FROM "schema_migrations" ORDER BY "schema_migrations"."version" ASC[0m
  [1m[35m (0.4ms)[0m  [1m[34mSELECT "schema_migrations"."version" FROM "schema_migrations" ORDER BY "schema_migrations"."version" ASC[0m
  [1m[35m (0.2ms)[0m  [1m[34mSELECT "schema_migrations"."version" FROM "schema_migrations" ORDER BY "schema_migrations"."version" ASC[0m
  [1m[35m (0.3ms)[0m  [1m[34mSELECT "schema_migrations"."version" FROM "schema_migrations" ORDER BY "schema_migrations"."version" ASC[0m
  [1m[35m (0.4ms)[0m  [1m[34mSELECT "schema_migrations"."version" FROM "schema_migrations" ORDER BY "schema_migrations"."version" ASC[0m
  [1m[35m (1.6ms)[0m  [1m[34mSELECT sqlite_version(*)[0m
  [1m[35m (3.0ms)[0m  [1m[35mCREATE TABLE "ar_internal_metadata" ("key" varchar NOT NULL PRIMARY KEY, "value" varchar, "created_at" datetime NOT NULL, "updated_at" datetime NOT NULL)[0m
  [1m[36mActiveRecord::InternalMetadata Load (0.2ms)[0m  [1m[34mSELECT  "ar_internal_metadata".* FROM "ar_internal_metadata" WHERE "ar_internal_metadata"."key" = ? LIMIT ?[0m  [["key", "environment"], ["LIMIT", 1]]
  [1m[35m (0.1ms)[0m  [1m[36mbegin transaction[0m
  [1m[35mSQL (0.4ms)[0m  [1m[32mINSERT INTO "ar_internal_metadata" ("key", "value", "created_at", "updated_at") VALUES (?, ?, ?, ?)[0m  [["key", "environment"], ["value", "development"], ["created_at", "2017-12-25 14:55:47.460847"], ["updated_at", "2017-12-25 14:55:47.460847"]]
  [1m[35m (1.7ms)[0m  [1m[36mcommit transaction[0m
  [1m[35m (0.2ms)[0m  [1m[34mSELECT "schema_migrations"."version" FROM "schema_migrations" ORDER BY "schema_migrations"."version" ASC[0m
  [1m[35m (0.3ms)[0m  [1m[34mSELECT "ar_internal_metadata"."value" FROM "ar_internal_metadata" WHERE "ar_internal_metadata"."key" = ?[0m  [["key", "environment"]]
  [1m[35m (0.1ms)[0m  [1m[34mSELECT "schema_migrations"."version" FROM "schema_migrations" ORDER BY "schema_migrations"."version" ASC[0m
  [1m[35m (0.1ms)[0m  [1m[34mSELECT "ar_internal_metadata"."value" FROM "ar_internal_metadata" WHERE "ar_internal_metadata"."key" = ?[0m  [["key", "environment"]]
  [1m[35m (0.2ms)[0m  [1m[34mSELECT "schema_migrations"."version" FROM "schema_migrations" ORDER BY "schema_migrations"."version" ASC[0m
  [1m[35m (0.1ms)[0m  [1m[34mSELECT "ar_internal_metadata"."value" FROM "ar_internal_metadata" WHERE "ar_internal_metadata"."key" = ?[0m  [["key", "environment"]]
  [1m[35m (0.1ms)[0m  [1m[34mSELECT sqlite_version(*)[0m
  [1m[35m (2.8ms)[0m  [1m[35mCREATE TABLE "schema_migrations" ("version" varchar NOT NULL PRIMARY KEY)[0m
  [1m[35m (2.4ms)[0m  [1m[35mCREATE TABLE "ar_internal_metadata" ("key" varchar NOT NULL PRIMARY KEY, "value" varchar, "created_at" datetime NOT NULL, "updated_at" datetime NOT NULL)[0m
  [1m[35m (0.2ms)[0m  [1m[34mSELECT "schema_migrations"."version" FROM "schema_migrations" ORDER BY "schema_migrations"."version" ASC[0m
Migrating to CreateWidgets (20140510023211)
  [1m[35m (1.4ms)[0m  [1m[34mSELECT "schema_migrations"."version" FROM "schema_migrations" ORDER BY "schema_migrations"."version" ASC[0m
  [1m[35m (0.1ms)[0m  [1m[34mSELECT "schema_migrations"."version" FROM "schema_migrations" ORDER BY "schema_migrations"."version" ASC[0m
  [1m[35m (0.1ms)[0m  [1m[34mSELECT sqlite_version(*)[0m
  [1m[35m (2.2ms)[0m  [1m[35mCREATE TABLE "schema_migrations" ("version" varchar NOT NULL PRIMARY KEY)[0m
  [1m[35m (1.9ms)[0m  [1m[35mCREATE TABLE "ar_internal_metadata" ("key" varchar NOT NULL PRIMARY KEY, "value" varchar, "created_at" datetime NOT NULL, "updated_at" datetime NOT NULL)[0m
  [1m[35m (0.1ms)[0m  [1m[34mSELECT "schema_migrations"."version" FROM "schema_migrations" ORDER BY "schema_migrations"."version" ASC[0m
Migrating to CreateCoinPayments (20171225145952)
  [1m[35m (0.1ms)[0m  [1m[36mbegin transaction[0m
  [1m[35m (0.6ms)[0m  [1m[35mCREATE TABLE "coin_payments" ("id" INTEGER PRIMARY KEY AUTOINCREMENT NOT NULL, "payable_type" varchar, "payable_id" integer, "currency" varchar, "reason" varchar, "price" integer, "coin_amount_due" integer DEFAULT 0, "address" varchar, "state" varchar DEFAULT 'pending', "created_at" datetime, "updated_at" datetime, "coin_conversion" integer)[0m
  [1m[35m (0.7ms)[0m  [1m[35mCREATE  INDEX "index_coin_payments_on_payable_type_and_payable_id" ON "coin_payments" ("payable_type", "payable_id")[0m
  [1m[35mSQL (0.2ms)[0m  [1m[32mINSERT INTO "schema_migrations" ("version") VALUES (?)[0m  [["version", "20171225145952"]]
  [1m[35m (2.0ms)[0m  [1m[36mcommit transaction[0m
Migrating to CreateCoinPaymentTransactions (20171225145953)
  [1m[35m (0.1ms)[0m  [1m[36mbegin transaction[0m
  [1m[35m (0.4ms)[0m  [1m[35mCREATE TABLE "coin_payment_transactions" ("id" INTEGER PRIMARY KEY AUTOINCREMENT NOT NULL, "estimated_value" integer, "transaction_hash" varchar, "block_hash" varchar, "block_time" datetime, "estimated_time" datetime, "bitcoin_payment_id" integer, "btc_conversion" integer, "confirmations" integer)[0m
  [1m[35m (0.2ms)[0m  [1m[35mCREATE  INDEX "index_coin_payment_transactions_on_coin_payment_id" ON "coin_payment_transactions" ("coin_payment_id")[0m
  [1m[35mSQL (0.1ms)[0m  [1m[32mINSERT INTO "schema_migrations" ("version") VALUES (?)[0m  [["version", "20171225145953"]]
  [1m[35m (1.9ms)[0m  [1m[36mcommit transaction[0m
Migrating to CreateCurrencyConversions (20171225145954)
  [1m[35m (0.1ms)[0m  [1m[36mbegin transaction[0m
  [1m[35m (0.4ms)[0m  [1m[35mCREATE TABLE "currency_conversions" ("id" INTEGER PRIMARY KEY AUTOINCREMENT NOT NULL, "currency" float, "price" integer, "coin_type" integer, "created_at" datetime, "updated_at" datetime)[0m
  [1m[35mSQL (0.2ms)[0m  [1m[32mINSERT INTO "schema_migrations" ("version") VALUES (?)[0m  [["version", "20171225145954"]]
  [1m[35m (1.7ms)[0m  [1m[36mcommit transaction[0m
  [1m[36mActiveRecord::InternalMetadata Load (0.1ms)[0m  [1m[34mSELECT  "ar_internal_metadata".* FROM "ar_internal_metadata" WHERE "ar_internal_metadata"."key" = ? LIMIT ?[0m  [["key", "environment"], ["LIMIT", 1]]
  [1m[35m (0.0ms)[0m  [1m[36mbegin transaction[0m
  [1m[35mSQL (0.3ms)[0m  [1m[32mINSERT INTO "ar_internal_metadata" ("key", "value", "created_at", "updated_at") VALUES (?, ?, ?, ?)[0m  [["key", "environment"], ["value", "development"], ["created_at", "2017-12-25 14:59:59.247707"], ["updated_at", "2017-12-25 14:59:59.247707"]]
  [1m[35m (1.8ms)[0m  [1m[36mcommit transaction[0m
  [1m[35m (0.2ms)[0m  [1m[34mSELECT "schema_migrations"."version" FROM "schema_migrations" ORDER BY "schema_migrations"."version" ASC[0m
  [1m[35m (0.1ms)[0m  [1m[34m            SELECT sql
            FROM sqlite_master
            WHERE name='index_coin_payment_transactions_on_coin_payment_id' AND type='index'
            UNION ALL
            SELECT sql
            FROM sqlite_temp_master
            WHERE name='index_coin_payment_transactions_on_coin_payment_id' AND type='index'
[0m
  [1m[35m (0.1ms)[0m  [1m[34m            SELECT sql
            FROM sqlite_master
            WHERE name='index_coin_payments_on_payable_type_and_payable_id' AND type='index'
            UNION ALL
            SELECT sql
            FROM sqlite_temp_master
            WHERE name='index_coin_payments_on_payable_type_and_payable_id' AND type='index'
[0m
  [1m[35m (0.1ms)[0m  [1m[35mPRAGMA foreign_keys[0m
  [1m[35m (0.0ms)[0m  [1m[35mPRAGMA foreign_keys = OFF[0m
  [1m[35m (0.1ms)[0m  [1m[35mPRAGMA foreign_keys = 1[0m
  [1m[35m (1.4ms)[0m  [1m[34mSELECT "schema_migrations"."version" FROM "schema_migrations" ORDER BY "schema_migrations"."version" ASC[0m
  [1m[35m (1.7ms)[0m  [1m[34mSELECT "ar_internal_metadata"."value" FROM "ar_internal_metadata" WHERE "ar_internal_metadata"."key" = ?[0m  [["key", "environment"]]
  [1m[35m (0.1ms)[0m  [1m[34mSELECT "schema_migrations"."version" FROM "schema_migrations" ORDER BY "schema_migrations"."version" ASC[0m
  [1m[35m (0.1ms)[0m  [1m[34mSELECT "ar_internal_metadata"."value" FROM "ar_internal_metadata" WHERE "ar_internal_metadata"."key" = ?[0m  [["key", "environment"]]
  [1m[35m (0.1ms)[0m  [1m[34mSELECT "schema_migrations"."version" FROM "schema_migrations" ORDER BY "schema_migrations"."version" ASC[0m
  [1m[35m (0.1ms)[0m  [1m[34mSELECT "ar_internal_metadata"."value" FROM "ar_internal_metadata" WHERE "ar_internal_metadata"."key" = ?[0m  [["key", "environment"]]
  [1m[35m (0.1ms)[0m  [1m[34mSELECT sqlite_version(*)[0m
  [1m[35m (2.0ms)[0m  [1m[35mCREATE TABLE "schema_migrations" ("version" varchar NOT NULL PRIMARY KEY)[0m
  [1m[35m (2.4ms)[0m  [1m[35mCREATE TABLE "ar_internal_metadata" ("key" varchar NOT NULL PRIMARY KEY, "value" varchar, "created_at" datetime NOT NULL, "updated_at" datetime NOT NULL)[0m
  [1m[35m (0.3ms)[0m  [1m[34mSELECT "schema_migrations"."version" FROM "schema_migrations" ORDER BY "schema_migrations"."version" ASC[0m
Migrating to CreateCoinPayments (20171225150152)
  [1m[35m (0.1ms)[0m  [1m[36mbegin transaction[0m
  [1m[35m (0.5ms)[0m  [1m[35mCREATE TABLE "coin_payments" ("id" INTEGER PRIMARY KEY AUTOINCREMENT NOT NULL, "payable_type" varchar, "payable_id" integer, "currency" varchar, "reason" varchar, "price" integer, "coin_amount_due" integer DEFAULT 0, "address" varchar, "state" varchar DEFAULT 'pending', "created_at" datetime, "updated_at" datetime, "coin_conversion" integer)[0m
  [1m[35m (0.2ms)[0m  [1m[35mCREATE  INDEX "index_coin_payments_on_payable_type_and_payable_id" ON "coin_payments" ("payable_type", "payable_id")[0m
  [1m[35mSQL (0.3ms)[0m  [1m[32mINSERT INTO "schema_migrations" ("version") VALUES (?)[0m  [["version", "20171225150152"]]
  [1m[35m (1.7ms)[0m  [1m[36mcommit transaction[0m
Migrating to CreateCoinPaymentTransactions (20171225150153)
  [1m[35m (0.1ms)[0m  [1m[36mbegin transaction[0m
  [1m[35m (0.5ms)[0m  [1m[35mCREATE TABLE "coin_payment_transactions" ("id" INTEGER PRIMARY KEY AUTOINCREMENT NOT NULL, "estimated_value" integer, "transaction_hash" varchar, "block_hash" varchar, "block_time" datetime, "estimated_time" datetime, "bitcoin_payment_id" integer, "btc_conversion" integer, "confirmations" integer)[0m
  [1m[35m (0.1ms)[0m  [1m[35mCREATE  INDEX "index_coin_payment_transactions_on_coin_payment_id" ON "coin_payment_transactions" ("coin_payment_id")[0m
  [1m[35mSQL (0.1ms)[0m  [1m[32mINSERT INTO "schema_migrations" ("version") VALUES (?)[0m  [["version", "20171225150153"]]
  [1m[35m (1.9ms)[0m  [1m[36mcommit transaction[0m
Migrating to CreateCurrencyConversions (20171225150154)
  [1m[35m (0.1ms)[0m  [1m[36mbegin transaction[0m
  [1m[35m (0.4ms)[0m  [1m[35mCREATE TABLE "currency_conversions" ("id" INTEGER PRIMARY KEY AUTOINCREMENT NOT NULL, "currency" float, "price" integer, "coin_type" integer, "created_at" datetime, "updated_at" datetime)[0m
  [1m[35mSQL (0.2ms)[0m  [1m[32mINSERT INTO "schema_migrations" ("version") VALUES (?)[0m  [["version", "20171225150154"]]
  [1m[35m (1.6ms)[0m  [1m[36mcommit transaction[0m
  [1m[36mActiveRecord::InternalMetadata Load (0.1ms)[0m  [1m[34mSELECT  "ar_internal_metadata".* FROM "ar_internal_metadata" WHERE "ar_internal_metadata"."key" = ? LIMIT ?[0m  [["key", "environment"], ["LIMIT", 1]]
  [1m[35m (0.1ms)[0m  [1m[36mbegin transaction[0m
  [1m[35mSQL (0.4ms)[0m  [1m[32mINSERT INTO "ar_internal_metadata" ("key", "value", "created_at", "updated_at") VALUES (?, ?, ?, ?)[0m  [["key", "environment"], ["value", "development"], ["created_at", "2017-12-25 15:01:58.701958"], ["updated_at", "2017-12-25 15:01:58.701958"]]
  [1m[35m (1.6ms)[0m  [1m[36mcommit transaction[0m
  [1m[35m (0.2ms)[0m  [1m[34mSELECT "schema_migrations"."version" FROM "schema_migrations" ORDER BY "schema_migrations"."version" ASC[0m
  [1m[35m (0.1ms)[0m  [1m[34m            SELECT sql
            FROM sqlite_master
            WHERE name='index_coin_payment_transactions_on_coin_payment_id' AND type='index'
            UNION ALL
            SELECT sql
            FROM sqlite_temp_master
            WHERE name='index_coin_payment_transactions_on_coin_payment_id' AND type='index'
[0m
  [1m[35m (0.1ms)[0m  [1m[34m            SELECT sql
            FROM sqlite_master
            WHERE name='index_coin_payments_on_payable_type_and_payable_id' AND type='index'
            UNION ALL
            SELECT sql
            FROM sqlite_temp_master
            WHERE name='index_coin_payments_on_payable_type_and_payable_id' AND type='index'
[0m
  [1m[35m (0.2ms)[0m  [1m[35mPRAGMA foreign_keys[0m
  [1m[35m (0.2ms)[0m  [1m[35mPRAGMA foreign_keys = OFF[0m
  [1m[35m (0.1ms)[0m  [1m[36mbegin transaction[0m
  [1m[35m (0.0ms)[0m  [1m[31mrollback transaction[0m
  [1m[35m (0.1ms)[0m  [1m[35mPRAGMA foreign_keys = 1[0m
  [1m[35m (0.2ms)[0m  [1m[34mSELECT "schema_migrations"."version" FROM "schema_migrations" ORDER BY "schema_migrations"."version" ASC[0m
  [1m[35m (0.4ms)[0m  [1m[34mSELECT "ar_internal_metadata"."value" FROM "ar_internal_metadata" WHERE "ar_internal_metadata"."key" = ?[0m  [["key", "environment"]]
  [1m[35m (0.2ms)[0m  [1m[34mSELECT "schema_migrations"."version" FROM "schema_migrations" ORDER BY "schema_migrations"."version" ASC[0m
  [1m[35m (0.1ms)[0m  [1m[34mSELECT "ar_internal_metadata"."value" FROM "ar_internal_metadata" WHERE "ar_internal_metadata"."key" = ?[0m  [["key", "environment"]]
  [1m[35m (0.1ms)[0m  [1m[34mSELECT "schema_migrations"."version" FROM "schema_migrations" ORDER BY "schema_migrations"."version" ASC[0m
  [1m[35m (0.1ms)[0m  [1m[34mSELECT "ar_internal_metadata"."value" FROM "ar_internal_metadata" WHERE "ar_internal_metadata"."key" = ?[0m  [["key", "environment"]]
  [1m[35m (0.1ms)[0m  [1m[34mSELECT sqlite_version(*)[0m
  [1m[35m (2.1ms)[0m  [1m[35mCREATE TABLE "schema_migrations" ("version" varchar NOT NULL PRIMARY KEY)[0m
  [1m[35m (1.8ms)[0m  [1m[35mCREATE TABLE "ar_internal_metadata" ("key" varchar NOT NULL PRIMARY KEY, "value" varchar, "created_at" datetime NOT NULL, "updated_at" datetime NOT NULL)[0m
  [1m[35m (0.2ms)[0m  [1m[34mSELECT "schema_migrations"."version" FROM "schema_migrations" ORDER BY "schema_migrations"."version" ASC[0m
Migrating to CreateWidgets (20140510023211)
  [1m[35m (0.2ms)[0m  [1m[34mSELECT "schema_migrations"."version" FROM "schema_migrations" ORDER BY "schema_migrations"."version" ASC[0m
  [1m[35m (0.1ms)[0m  [1m[34mSELECT "schema_migrations"."version" FROM "schema_migrations" ORDER BY "schema_migrations"."version" ASC[0m
  [1m[35m (0.2ms)[0m  [1m[34mSELECT sqlite_version(*)[0m
  [1m[35m (2.9ms)[0m  [1m[35mCREATE TABLE "schema_migrations" ("version" varchar NOT NULL PRIMARY KEY)[0m
  [1m[35m (2.4ms)[0m  [1m[35mCREATE TABLE "ar_internal_metadata" ("key" varchar NOT NULL PRIMARY KEY, "value" varchar, "created_at" datetime NOT NULL, "updated_at" datetime NOT NULL)[0m
  [1m[35m (0.3ms)[0m  [1m[34mSELECT "schema_migrations"."version" FROM "schema_migrations" ORDER BY "schema_migrations"."version" ASC[0m
Migrating to CreateWidgets (20140510023211)
  [1m[35m (0.2ms)[0m  [1m[34mSELECT "schema_migrations"."version" FROM "schema_migrations" ORDER BY "schema_migrations"."version" ASC[0m
  [1m[35m (0.1ms)[0m  [1m[34mSELECT "schema_migrations"."version" FROM "schema_migrations" ORDER BY "schema_migrations"."version" ASC[0m
  [1m[35m (0.1ms)[0m  [1m[34mSELECT sqlite_version(*)[0m
  [1m[35m (2.0ms)[0m  [1m[35mCREATE TABLE "schema_migrations" ("version" varchar NOT NULL PRIMARY KEY)[0m
  [1m[35m (2.0ms)[0m  [1m[35mCREATE TABLE "ar_internal_metadata" ("key" varchar NOT NULL PRIMARY KEY, "value" varchar, "created_at" datetime NOT NULL, "updated_at" datetime NOT NULL)[0m
  [1m[35m (0.2ms)[0m  [1m[34mSELECT "schema_migrations"."version" FROM "schema_migrations" ORDER BY "schema_migrations"."version" ASC[0m
Migrating to CreateWidgets (20140510023211)
  [1m[35m (0.1ms)[0m  [1m[36mbegin transaction[0m
  [1m[35m (0.4ms)[0m  [1m[35mCREATE TABLE "widgets" ("id" INTEGER PRIMARY KEY AUTOINCREMENT NOT NULL, "created_at" datetime NOT NULL, "updated_at" datetime NOT NULL)[0m
  [1m[35mSQL (0.2ms)[0m  [1m[32mINSERT INTO "schema_migrations" ("version") VALUES (?)[0m  [["version", "20140510023211"]]
  [1m[35m (1.6ms)[0m  [1m[36mcommit transaction[0m
Migrating to CreateCoinPayments (20171225150624)
  [1m[35m (0.1ms)[0m  [1m[36mbegin transaction[0m
  [1m[35m (0.4ms)[0m  [1m[35mCREATE TABLE "coin_payments" ("id" INTEGER PRIMARY KEY AUTOINCREMENT NOT NULL, "payable_type" varchar, "payable_id" integer, "currency" varchar, "reason" varchar, "price" integer, "coin_amount_due" integer DEFAULT 0, "address" varchar, "state" varchar DEFAULT 'pending', "created_at" datetime, "updated_at" datetime, "coin_conversion" integer)[0m
  [1m[35m (0.2ms)[0m  [1m[35mCREATE  INDEX "index_coin_payments_on_payable_type_and_payable_id" ON "coin_payments" ("payable_type", "payable_id")[0m
  [1m[35mSQL (0.2ms)[0m  [1m[32mINSERT INTO "schema_migrations" ("version") VALUES (?)[0m  [["version", "20171225150624"]]
  [1m[35m (2.0ms)[0m  [1m[36mcommit transaction[0m
Migrating to CreateCoinPaymentTransactions (20171225150625)
  [1m[35m (0.1ms)[0m  [1m[36mbegin transaction[0m
  [1m[35m (0.4ms)[0m  [1m[35mCREATE TABLE "coin_payment_transactions" ("id" INTEGER PRIMARY KEY AUTOINCREMENT NOT NULL, "estimated_value" integer, "transaction_hash" varchar, "block_hash" varchar, "block_time" datetime, "estimated_time" datetime, "bitcoin_payment_id" integer, "coin_conversion" integer, "confirmations" integer)[0m
  [1m[35m (0.1ms)[0m  [1m[35mCREATE  INDEX "index_coin_payment_transactions_on_coin_payment_id" ON "coin_payment_transactions" ("coin_payment_id")[0m
  [1m[35mSQL (0.2ms)[0m  [1m[32mINSERT INTO "schema_migrations" ("version") VALUES (?)[0m  [["version", "20171225150625"]]
  [1m[35m (2.2ms)[0m  [1m[36mcommit transaction[0m
Migrating to CreateCurrencyConversions (20171225150626)
  [1m[35m (0.1ms)[0m  [1m[36mbegin transaction[0m
  [1m[35m (0.4ms)[0m  [1m[35mCREATE TABLE "currency_conversions" ("id" INTEGER PRIMARY KEY AUTOINCREMENT NOT NULL, "currency" integer, "price" integer, "coin_type" integer, "created_at" datetime, "updated_at" datetime)[0m
  [1m[35mSQL (0.2ms)[0m  [1m[32mINSERT INTO "schema_migrations" ("version") VALUES (?)[0m  [["version", "20171225150626"]]
  [1m[35m (1.9ms)[0m  [1m[36mcommit transaction[0m
  [1m[36mActiveRecord::InternalMetadata Load (0.1ms)[0m  [1m[34mSELECT  "ar_internal_metadata".* FROM "ar_internal_metadata" WHERE "ar_internal_metadata"."key" = ? LIMIT ?[0m  [["key", "environment"], ["LIMIT", 1]]
  [1m[35m (0.1ms)[0m  [1m[36mbegin transaction[0m
  [1m[35mSQL (0.7ms)[0m  [1m[32mINSERT INTO "ar_internal_metadata" ("key", "value", "created_at", "updated_at") VALUES (?, ?, ?, ?)[0m  [["key", "environment"], ["value", "development"], ["created_at", "2017-12-25 15:07:09.520428"], ["updated_at", "2017-12-25 15:07:09.520428"]]
  [1m[35m (2.4ms)[0m  [1m[36mcommit transaction[0m
  [1m[35m (0.1ms)[0m  [1m[34mSELECT "schema_migrations"."version" FROM "schema_migrations" ORDER BY "schema_migrations"."version" ASC[0m
  [1m[35m (0.1ms)[0m  [1m[34m            SELECT sql
            FROM sqlite_master
            WHERE name='index_coin_payment_transactions_on_coin_payment_id' AND type='index'
            UNION ALL
            SELECT sql
            FROM sqlite_temp_master
            WHERE name='index_coin_payment_transactions_on_coin_payment_id' AND type='index'
[0m
  [1m[35m (0.1ms)[0m  [1m[34m            SELECT sql
            FROM sqlite_master
            WHERE name='index_coin_payments_on_payable_type_and_payable_id' AND type='index'
            UNION ALL
            SELECT sql
            FROM sqlite_temp_master
            WHERE name='index_coin_payments_on_payable_type_and_payable_id' AND type='index'
[0m
  [1m[35m (0.9ms)[0m  [1m[35mPRAGMA foreign_keys[0m
  [1m[35m (0.1ms)[0m  [1m[35mPRAGMA foreign_keys = OFF[0m
  [1m[35m (0.1ms)[0m  [1m[36mbegin transaction[0m
  [1m[36mFixture Delete (0.4ms)[0m  [1m[31mDELETE FROM "widgets"[0m
  [1m[36mFixture Insert (0.2ms)[0m  [1m[32mINSERT INTO "widgets" ("created_at", "updated_at", "id") VALUES ('2017-12-25 15:07:17.904290', '2017-12-25 15:07:17.904290', 980190962)[0m
  [1m[36mFixture Insert (0.1ms)[0m  [1m[32mINSERT INTO "widgets" ("created_at", "updated_at", "id") VALUES ('2017-12-25 15:07:17.904290', '2017-12-25 15:07:17.904290', 298486374)[0m
  [1m[35m (1.7ms)[0m  [1m[36mcommit transaction[0m
  [1m[35m (0.1ms)[0m  [1m[35mPRAGMA foreign_keys = 1[0m
  [1m[35m (0.2ms)[0m  [1m[34mSELECT "schema_migrations"."version" FROM "schema_migrations" ORDER BY "schema_migrations"."version" ASC[0m
  [1m[36mBitcoinPayable::CurrencyConversion Load (4.3ms)[0m  [1m[34mSELECT  "currency_conversions".* FROM "currency_conversions" LIMIT ?[0m  [["LIMIT", 11]]
  [1m[36mBitcoinPayable::CurrencyConversion Load (1.4ms)[0m  [1m[34mSELECT  "currency_conversions".* FROM "currency_conversions" LIMIT ?[0m  [["LIMIT", 11]]
  [1m[35m (1.4ms)[0m  [1m[34mSELECT "schema_migrations"."version" FROM "schema_migrations" ORDER BY "schema_migrations"."version" ASC[0m
Migrating to CreateCoinPayments (20171226160811)
  [1m[35m (0.1ms)[0m  [1m[36mbegin transaction[0m
  [1m[35m (0.1ms)[0m  [1m[34mSELECT sqlite_version(*)[0m
  [1m[35m (0.2ms)[0m  [1m[35mCREATE TABLE "coin_payments" ("id" INTEGER PRIMARY KEY AUTOINCREMENT NOT NULL, "payable_type" varchar, "payable_id" integer, "currency" varchar, "reason" varchar, "price" integer, "coin_amount_due" integer DEFAULT 0, "address" varchar, "state" varchar DEFAULT 'pending', "created_at" datetime, "updated_at" datetime, "coin_conversion" integer)[0m
  [1m[35m (0.1ms)[0m  [1m[31mrollback transaction[0m
  [1m[35m (0.5ms)[0m  [1m[34mSELECT "schema_migrations"."version" FROM "schema_migrations" ORDER BY "schema_migrations"."version" ASC[0m
  [1m[35m (1.6ms)[0m  [1m[34mSELECT "ar_internal_metadata"."value" FROM "ar_internal_metadata" WHERE "ar_internal_metadata"."key" = ?[0m  [["key", "environment"]]
  [1m[35m (0.1ms)[0m  [1m[34mSELECT "schema_migrations"."version" FROM "schema_migrations" ORDER BY "schema_migrations"."version" ASC[0m
  [1m[35m (0.1ms)[0m  [1m[34mSELECT "ar_internal_metadata"."value" FROM "ar_internal_metadata" WHERE "ar_internal_metadata"."key" = ?[0m  [["key", "environment"]]
  [1m[35m (0.5ms)[0m  [1m[34mSELECT "schema_migrations"."version" FROM "schema_migrations" ORDER BY "schema_migrations"."version" ASC[0m
  [1m[35m (0.2ms)[0m  [1m[34mSELECT "ar_internal_metadata"."value" FROM "ar_internal_metadata" WHERE "ar_internal_metadata"."key" = ?[0m  [["key", "environment"]]
  [1m[35m (0.1ms)[0m  [1m[34mSELECT sqlite_version(*)[0m
  [1m[35m (2.1ms)[0m  [1m[35mCREATE TABLE "schema_migrations" ("version" varchar NOT NULL PRIMARY KEY)[0m
  [1m[35m (2.1ms)[0m  [1m[35mCREATE TABLE "ar_internal_metadata" ("key" varchar NOT NULL PRIMARY KEY, "value" varchar, "created_at" datetime NOT NULL, "updated_at" datetime NOT NULL)[0m
  [1m[35m (0.2ms)[0m  [1m[34mSELECT "schema_migrations"."version" FROM "schema_migrations" ORDER BY "schema_migrations"."version" ASC[0m
Migrating to CreateWidgets (20140510023211)
  [1m[35m (0.1ms)[0m  [1m[36mbegin transaction[0m
  [1m[35m (0.6ms)[0m  [1m[35mCREATE TABLE "widgets" ("id" INTEGER PRIMARY KEY AUTOINCREMENT NOT NULL, "created_at" datetime NOT NULL, "updated_at" datetime NOT NULL)[0m
  [1m[35mSQL (0.2ms)[0m  [1m[32mINSERT INTO "schema_migrations" ("version") VALUES (?)[0m  [["version", "20140510023211"]]
  [1m[35m (1.9ms)[0m  [1m[36mcommit transaction[0m
Migrating to CreateCoinPayments (20171226160811)
  [1m[35m (0.1ms)[0m  [1m[36mbegin transaction[0m
  [1m[35m (0.4ms)[0m  [1m[35mCREATE TABLE "coin_payments" ("id" INTEGER PRIMARY KEY AUTOINCREMENT NOT NULL, "payable_type" varchar, "payable_id" integer, "currency" varchar, "reason" varchar, "price" integer, "coin_amount_due" integer DEFAULT 0, "address" varchar, "state" varchar DEFAULT 'pending', "created_at" datetime, "updated_at" datetime, "coin_conversion" integer)[0m
  [1m[35m (0.2ms)[0m  [1m[35mCREATE  INDEX "index_coin_payments_on_payable_type_and_payable_id" ON "coin_payments" ("payable_type", "payable_id")[0m
  [1m[35mSQL (0.2ms)[0m  [1m[32mINSERT INTO "schema_migrations" ("version") VALUES (?)[0m  [["version", "20171226160811"]]
  [1m[35m (2.0ms)[0m  [1m[36mcommit transaction[0m
Migrating to CreateCoinPaymentTransactions (20171226160812)
  [1m[35m (0.1ms)[0m  [1m[36mbegin transaction[0m
  [1m[35m (0.5ms)[0m  [1m[35mCREATE TABLE "coin_payment_transactions" ("id" INTEGER PRIMARY KEY AUTOINCREMENT NOT NULL, "estimated_value" integer, "transaction_hash" varchar, "block_hash" varchar, "block_time" datetime, "estimated_time" datetime, "coin_payment_id" integer, "coin_conversion" integer, "confirmations" integer)[0m
  [1m[35m (0.1ms)[0m  [1m[35mCREATE  INDEX "index_coin_payment_transactions_on_coin_payment_id" ON "coin_payment_transactions" ("coin_payment_id")[0m
  [1m[35mSQL (0.3ms)[0m  [1m[32mINSERT INTO "schema_migrations" ("version") VALUES (?)[0m  [["version", "20171226160812"]]
  [1m[35m (1.8ms)[0m  [1m[36mcommit transaction[0m
Migrating to CreateCurrencyConversions (20171226160813)
  [1m[35m (0.1ms)[0m  [1m[36mbegin transaction[0m
  [1m[35m (0.4ms)[0m  [1m[35mCREATE TABLE "currency_conversions" ("id" INTEGER PRIMARY KEY AUTOINCREMENT NOT NULL, "currency" integer, "price" integer, "coin_type" integer, "created_at" datetime, "updated_at" datetime)[0m
  [1m[35mSQL (0.2ms)[0m  [1m[32mINSERT INTO "schema_migrations" ("version") VALUES (?)[0m  [["version", "20171226160813"]]
  [1m[35m (1.8ms)[0m  [1m[36mcommit transaction[0m
  [1m[36mActiveRecord::InternalMetadata Load (0.3ms)[0m  [1m[34mSELECT  "ar_internal_metadata".* FROM "ar_internal_metadata" WHERE "ar_internal_metadata"."key" = ? LIMIT ?[0m  [["key", "environment"], ["LIMIT", 1]]
  [1m[35m (0.1ms)[0m  [1m[36mbegin transaction[0m
  [1m[35mSQL (0.4ms)[0m  [1m[32mINSERT INTO "ar_internal_metadata" ("key", "value", "created_at", "updated_at") VALUES (?, ?, ?, ?)[0m  [["key", "environment"], ["value", "development"], ["created_at", "2017-12-26 16:09:03.084082"], ["updated_at", "2017-12-26 16:09:03.084082"]]
  [1m[35m (1.5ms)[0m  [1m[36mcommit transaction[0m
  [1m[35m (0.2ms)[0m  [1m[34mSELECT "schema_migrations"."version" FROM "schema_migrations" ORDER BY "schema_migrations"."version" ASC[0m
  [1m[35m (0.1ms)[0m  [1m[34m            SELECT sql
            FROM sqlite_master
            WHERE name='index_coin_payment_transactions_on_coin_payment_id' AND type='index'
            UNION ALL
            SELECT sql
            FROM sqlite_temp_master
            WHERE name='index_coin_payment_transactions_on_coin_payment_id' AND type='index'
[0m
  [1m[35m (0.1ms)[0m  [1m[34m            SELECT sql
            FROM sqlite_master
            WHERE name='index_coin_payments_on_payable_type_and_payable_id' AND type='index'
            UNION ALL
            SELECT sql
            FROM sqlite_temp_master
            WHERE name='index_coin_payments_on_payable_type_and_payable_id' AND type='index'
[0m
  [1m[35m (0.1ms)[0m  [1m[35mPRAGMA foreign_keys[0m
  [1m[35m (0.1ms)[0m  [1m[35mPRAGMA foreign_keys = OFF[0m
  [1m[35m (0.1ms)[0m  [1m[36mbegin transaction[0m
  [1m[36mFixture Delete (1.5ms)[0m  [1m[31mDELETE FROM "widgets"[0m
  [1m[36mFixture Insert (0.3ms)[0m  [1m[32mINSERT INTO "widgets" ("created_at", "updated_at", "id") VALUES ('2017-12-26 16:09:03.118599', '2017-12-26 16:09:03.118599', 980190962)[0m
  [1m[36mFixture Insert (0.2ms)[0m  [1m[32mINSERT INTO "widgets" ("created_at", "updated_at", "id") VALUES ('2017-12-26 16:09:03.118599', '2017-12-26 16:09:03.118599', 298486374)[0m
  [1m[35m (3.7ms)[0m  [1m[36mcommit transaction[0m
  [1m[35m (0.1ms)[0m  [1m[35mPRAGMA foreign_keys = 1[0m
  [1m[35m (0.3ms)[0m  [1m[34mSELECT "schema_migrations"."version" FROM "schema_migrations" ORDER BY "schema_migrations"."version" ASC[0m
  [1m[35m (0.2ms)[0m  [1m[34mSELECT "schema_migrations"."version" FROM "schema_migrations" ORDER BY "schema_migrations"."version" ASC[0m
  [1m[35m (0.2ms)[0m  [1m[34mSELECT "ar_internal_metadata"."value" FROM "ar_internal_metadata" WHERE "ar_internal_metadata"."key" = ?[0m  [["key", "environment"]]
  [1m[35m (0.1ms)[0m  [1m[34mSELECT "schema_migrations"."version" FROM "schema_migrations" ORDER BY "schema_migrations"."version" ASC[0m
  [1m[35m (0.1ms)[0m  [1m[34mSELECT "ar_internal_metadata"."value" FROM "ar_internal_metadata" WHERE "ar_internal_metadata"."key" = ?[0m  [["key", "environment"]]
  [1m[35m (0.1ms)[0m  [1m[34mSELECT "schema_migrations"."version" FROM "schema_migrations" ORDER BY "schema_migrations"."version" ASC[0m
  [1m[35m (0.1ms)[0m  [1m[34mSELECT "ar_internal_metadata"."value" FROM "ar_internal_metadata" WHERE "ar_internal_metadata"."key" = ?[0m  [["key", "environment"]]
  [1m[35m (0.1ms)[0m  [1m[34mSELECT sqlite_version(*)[0m
  [1m[35m (2.7ms)[0m  [1m[35mCREATE TABLE "schema_migrations" ("version" varchar NOT NULL PRIMARY KEY)[0m
  [1m[35m (3.0ms)[0m  [1m[35mCREATE TABLE "ar_internal_metadata" ("key" varchar NOT NULL PRIMARY KEY, "value" varchar, "created_at" datetime NOT NULL, "updated_at" datetime NOT NULL)[0m
  [1m[35m (0.2ms)[0m  [1m[34mSELECT "schema_migrations"."version" FROM "schema_migrations" ORDER BY "schema_migrations"."version" ASC[0m
Migrating to CreateWidgets (20140510023211)
  [1m[35m (0.1ms)[0m  [1m[36mbegin transaction[0m
  [1m[35m (0.5ms)[0m  [1m[35mCREATE TABLE "widgets" ("id" INTEGER PRIMARY KEY AUTOINCREMENT NOT NULL, "created_at" datetime NOT NULL, "updated_at" datetime NOT NULL)[0m
  [1m[35mSQL (0.2ms)[0m  [1m[32mINSERT INTO "schema_migrations" ("version") VALUES (?)[0m  [["version", "20140510023211"]]
  [1m[35m (1.6ms)[0m  [1m[36mcommit transaction[0m
Migrating to CreateCoinPayments (20171226163034)
  [1m[35m (0.1ms)[0m  [1m[36mbegin transaction[0m
  [1m[35m (0.4ms)[0m  [1m[35mCREATE TABLE "coin_payments" ("id" INTEGER PRIMARY KEY AUTOINCREMENT NOT NULL, "payable_type" varchar, "payable_id" integer, "currency" varchar, "reason" varchar, "price" integer, "coin_amount_due" integer(8) DEFAULT 0, "address" varchar, "state" varchar DEFAULT 'pending', "created_at" datetime, "updated_at" datetime, "coin_conversion" integer)[0m
  [1m[35m (0.1ms)[0m  [1m[35mCREATE  INDEX "index_coin_payments_on_payable_type_and_payable_id" ON "coin_payments" ("payable_type", "payable_id")[0m
  [1m[35mSQL (0.2ms)[0m  [1m[32mINSERT INTO "schema_migrations" ("version") VALUES (?)[0m  [["version", "20171226163034"]]
  [1m[35m (1.8ms)[0m  [1m[36mcommit transaction[0m
Migrating to CreateCoinPaymentTransactions (20171226163035)
  [1m[35m (0.1ms)[0m  [1m[36mbegin transaction[0m
  [1m[35m (0.7ms)[0m  [1m[35mCREATE TABLE "coin_payment_transactions" ("id" INTEGER PRIMARY KEY AUTOINCREMENT NOT NULL, "estimated_value" integer, "transaction_hash" varchar, "block_hash" varchar, "block_time" datetime, "estimated_time" datetime, "coin_payment_id" integer, "coin_conversion" integer, "confirmations" integer)[0m
  [1m[35m (0.1ms)[0m  [1m[35mCREATE  INDEX "index_coin_payment_transactions_on_coin_payment_id" ON "coin_payment_transactions" ("coin_payment_id")[0m
  [1m[35mSQL (0.1ms)[0m  [1m[32mINSERT INTO "schema_migrations" ("version") VALUES (?)[0m  [["version", "20171226163035"]]
  [1m[35m (1.7ms)[0m  [1m[36mcommit transaction[0m
Migrating to CreateCurrencyConversions (20171226163036)
  [1m[35m (0.1ms)[0m  [1m[36mbegin transaction[0m
  [1m[35m (0.4ms)[0m  [1m[35mCREATE TABLE "currency_conversions" ("id" INTEGER PRIMARY KEY AUTOINCREMENT NOT NULL, "currency" integer, "price" integer, "coin_type" integer, "created_at" datetime, "updated_at" datetime)[0m
  [1m[35mSQL (0.2ms)[0m  [1m[32mINSERT INTO "schema_migrations" ("version") VALUES (?)[0m  [["version", "20171226163036"]]
  [1m[35m (1.7ms)[0m  [1m[36mcommit transaction[0m
  [1m[36mActiveRecord::InternalMetadata Load (0.2ms)[0m  [1m[34mSELECT  "ar_internal_metadata".* FROM "ar_internal_metadata" WHERE "ar_internal_metadata"."key" = ? LIMIT ?[0m  [["key", "environment"], ["LIMIT", 1]]
  [1m[35m (0.1ms)[0m  [1m[36mbegin transaction[0m
  [1m[35mSQL (0.3ms)[0m  [1m[32mINSERT INTO "ar_internal_metadata" ("key", "value", "created_at", "updated_at") VALUES (?, ?, ?, ?)[0m  [["key", "environment"], ["value", "development"], ["created_at", "2017-12-26 16:30:44.773926"], ["updated_at", "2017-12-26 16:30:44.773926"]]
  [1m[35m (1.7ms)[0m  [1m[36mcommit transaction[0m
  [1m[35m (0.2ms)[0m  [1m[34mSELECT "schema_migrations"."version" FROM "schema_migrations" ORDER BY "schema_migrations"."version" ASC[0m
  [1m[35m (0.1ms)[0m  [1m[34m            SELECT sql
            FROM sqlite_master
            WHERE name='index_coin_payment_transactions_on_coin_payment_id' AND type='index'
            UNION ALL
            SELECT sql
            FROM sqlite_temp_master
            WHERE name='index_coin_payment_transactions_on_coin_payment_id' AND type='index'
[0m
  [1m[35m (0.1ms)[0m  [1m[34m            SELECT sql
            FROM sqlite_master
            WHERE name='index_coin_payments_on_payable_type_and_payable_id' AND type='index'
            UNION ALL
            SELECT sql
            FROM sqlite_temp_master
            WHERE name='index_coin_payments_on_payable_type_and_payable_id' AND type='index'
[0m
  [1m[35m (0.1ms)[0m  [1m[35mPRAGMA foreign_keys[0m
  [1m[35m (0.1ms)[0m  [1m[35mPRAGMA foreign_keys = OFF[0m
  [1m[35m (0.1ms)[0m  [1m[36mbegin transaction[0m
  [1m[36mFixture Delete (0.2ms)[0m  [1m[31mDELETE FROM "widgets"[0m
  [1m[36mFixture Insert (0.1ms)[0m  [1m[32mINSERT INTO "widgets" ("created_at", "updated_at", "id") VALUES ('2017-12-26 16:30:44.815462', '2017-12-26 16:30:44.815462', 980190962)[0m
  [1m[36mFixture Insert (0.1ms)[0m  [1m[32mINSERT INTO "widgets" ("created_at", "updated_at", "id") VALUES ('2017-12-26 16:30:44.815462', '2017-12-26 16:30:44.815462', 298486374)[0m
  [1m[35m (1.7ms)[0m  [1m[36mcommit transaction[0m
  [1m[35m (0.1ms)[0m  [1m[35mPRAGMA foreign_keys = 1[0m
  [1m[35m (0.1ms)[0m  [1m[34mSELECT "schema_migrations"."version" FROM "schema_migrations" ORDER BY "schema_migrations"."version" ASC[0m
  [1m[35m (0.3ms)[0m  [1m[34mSELECT "schema_migrations"."version" FROM "schema_migrations" ORDER BY "schema_migrations"."version" ASC[0m
  [1m[35m (0.2ms)[0m  [1m[34mSELECT "ar_internal_metadata"."value" FROM "ar_internal_metadata" WHERE "ar_internal_metadata"."key" = ?[0m  [["key", "environment"]]
  [1m[35m (0.2ms)[0m  [1m[34mSELECT "schema_migrations"."version" FROM "schema_migrations" ORDER BY "schema_migrations"."version" ASC[0m
  [1m[35m (0.1ms)[0m  [1m[34mSELECT "ar_internal_metadata"."value" FROM "ar_internal_metadata" WHERE "ar_internal_metadata"."key" = ?[0m  [["key", "environment"]]
  [1m[35m (0.1ms)[0m  [1m[34mSELECT "schema_migrations"."version" FROM "schema_migrations" ORDER BY "schema_migrations"."version" ASC[0m
  [1m[35m (0.1ms)[0m  [1m[34mSELECT "ar_internal_metadata"."value" FROM "ar_internal_metadata" WHERE "ar_internal_metadata"."key" = ?[0m  [["key", "environment"]]
  [1m[35m (0.1ms)[0m  [1m[34mSELECT sqlite_version(*)[0m
  [1m[35m (3.5ms)[0m  [1m[35mCREATE TABLE "schema_migrations" ("version" varchar NOT NULL PRIMARY KEY)[0m
  [1m[35m (2.3ms)[0m  [1m[35mCREATE TABLE "ar_internal_metadata" ("key" varchar NOT NULL PRIMARY KEY, "value" varchar, "created_at" datetime NOT NULL, "updated_at" datetime NOT NULL)[0m
  [1m[35m (0.3ms)[0m  [1m[34mSELECT "schema_migrations"."version" FROM "schema_migrations" ORDER BY "schema_migrations"."version" ASC[0m
Migrating to CreateWidgets (20140510023211)
  [1m[35m (0.1ms)[0m  [1m[36mbegin transaction[0m
  [1m[35m (0.5ms)[0m  [1m[35mCREATE TABLE "widgets" ("id" INTEGER PRIMARY KEY AUTOINCREMENT NOT NULL, "created_at" datetime NOT NULL, "updated_at" datetime NOT NULL)[0m
  [1m[35mSQL (0.3ms)[0m  [1m[32mINSERT INTO "schema_migrations" ("version") VALUES (?)[0m  [["version", "20140510023211"]]
  [1m[35m (1.7ms)[0m  [1m[36mcommit transaction[0m
Migrating to CreateCoinPayments (20171226163232)
  [1m[35m (0.1ms)[0m  [1m[36mbegin transaction[0m
  [1m[35m (1.4ms)[0m  [1m[35mCREATE TABLE "coin_payments" ("id" INTEGER PRIMARY KEY AUTOINCREMENT NOT NULL, "payable_type" varchar, "payable_id" integer, "currency" varchar, "reason" varchar, "price" integer, "coin_amount_due" integer(8) DEFAULT 0, "address" varchar, "state" varchar DEFAULT 'pending', "created_at" datetime, "updated_at" datetime, "coin_conversion" integer)[0m
  [1m[35m (0.8ms)[0m  [1m[35mCREATE  INDEX "index_coin_payments_on_payable_type_and_payable_id" ON "coin_payments" ("payable_type", "payable_id")[0m
  [1m[35mSQL (0.2ms)[0m  [1m[32mINSERT INTO "schema_migrations" ("version") VALUES (?)[0m  [["version", "20171226163232"]]
  [1m[35m (1.7ms)[0m  [1m[36mcommit transaction[0m
Migrating to CreateCoinPaymentTransactions (20171226163233)
  [1m[35m (0.1ms)[0m  [1m[36mbegin transaction[0m
  [1m[35m (0.6ms)[0m  [1m[35mCREATE TABLE "coin_payment_transactions" ("id" INTEGER PRIMARY KEY AUTOINCREMENT NOT NULL, "estimated_value" integer, "transaction_hash" varchar, "block_hash" varchar, "block_time" datetime, "estimated_time" datetime, "coin_payment_id" integer, "coin_conversion" integer, "confirmations" integer)[0m
  [1m[35m (0.2ms)[0m  [1m[35mCREATE  INDEX "index_coin_payment_transactions_on_coin_payment_id" ON "coin_payment_transactions" ("coin_payment_id")[0m
  [1m[35mSQL (0.2ms)[0m  [1m[32mINSERT INTO "schema_migrations" ("version") VALUES (?)[0m  [["version", "20171226163233"]]
  [1m[35m (1.9ms)[0m  [1m[36mcommit transaction[0m
Migrating to CreateCurrencyConversions (20171226163234)
  [1m[35m (0.1ms)[0m  [1m[36mbegin transaction[0m
  [1m[35m (0.4ms)[0m  [1m[35mCREATE TABLE "currency_conversions" ("id" INTEGER PRIMARY KEY AUTOINCREMENT NOT NULL, "currency" integer, "price" integer(8), "coin_type" integer, "created_at" datetime, "updated_at" datetime)[0m
  [1m[35mSQL (0.2ms)[0m  [1m[32mINSERT INTO "schema_migrations" ("version") VALUES (?)[0m  [["version", "20171226163234"]]
  [1m[35m (1.8ms)[0m  [1m[36mcommit transaction[0m
  [1m[36mActiveRecord::InternalMetadata Load (0.2ms)[0m  [1m[34mSELECT  "ar_internal_metadata".* FROM "ar_internal_metadata" WHERE "ar_internal_metadata"."key" = ? LIMIT ?[0m  [["key", "environment"], ["LIMIT", 1]]
  [1m[35m (0.1ms)[0m  [1m[36mbegin transaction[0m
  [1m[35mSQL (0.6ms)[0m  [1m[32mINSERT INTO "ar_internal_metadata" ("key", "value", "created_at", "updated_at") VALUES (?, ?, ?, ?)[0m  [["key", "environment"], ["value", "development"], ["created_at", "2017-12-26 16:32:38.630734"], ["updated_at", "2017-12-26 16:32:38.630734"]]
  [1m[35m (1.7ms)[0m  [1m[36mcommit transaction[0m
  [1m[35m (0.1ms)[0m  [1m[34mSELECT "schema_migrations"."version" FROM "schema_migrations" ORDER BY "schema_migrations"."version" ASC[0m
  [1m[35m (0.1ms)[0m  [1m[34m            SELECT sql
            FROM sqlite_master
            WHERE name='index_coin_payment_transactions_on_coin_payment_id' AND type='index'
            UNION ALL
            SELECT sql
            FROM sqlite_temp_master
            WHERE name='index_coin_payment_transactions_on_coin_payment_id' AND type='index'
[0m
  [1m[35m (0.1ms)[0m  [1m[34m            SELECT sql
            FROM sqlite_master
            WHERE name='index_coin_payments_on_payable_type_and_payable_id' AND type='index'
            UNION ALL
            SELECT sql
            FROM sqlite_temp_master
            WHERE name='index_coin_payments_on_payable_type_and_payable_id' AND type='index'
[0m
  [1m[35m (0.1ms)[0m  [1m[35mPRAGMA foreign_keys[0m
  [1m[35m (0.1ms)[0m  [1m[35mPRAGMA foreign_keys = OFF[0m
  [1m[35m (0.1ms)[0m  [1m[36mbegin transaction[0m
  [1m[36mFixture Delete (0.3ms)[0m  [1m[31mDELETE FROM "widgets"[0m
  [1m[36mFixture Insert (0.1ms)[0m  [1m[32mINSERT INTO "widgets" ("created_at", "updated_at", "id") VALUES ('2017-12-26 16:32:38.664303', '2017-12-26 16:32:38.664303', 980190962)[0m
  [1m[36mFixture Insert (0.1ms)[0m  [1m[32mINSERT INTO "widgets" ("created_at", "updated_at", "id") VALUES ('2017-12-26 16:32:38.664303', '2017-12-26 16:32:38.664303', 298486374)[0m
  [1m[35m (1.9ms)[0m  [1m[36mcommit transaction[0m
  [1m[35m (0.1ms)[0m  [1m[35mPRAGMA foreign_keys = 1[0m
  [1m[35m (0.1ms)[0m  [1m[34mSELECT "schema_migrations"."version" FROM "schema_migrations" ORDER BY "schema_migrations"."version" ASC[0m
  [1m[35m (1.4ms)[0m  [1m[34mSELECT "schema_migrations"."version" FROM "schema_migrations" ORDER BY "schema_migrations"."version" ASC[0m
  [1m[35m (1.5ms)[0m  [1m[34mSELECT "ar_internal_metadata"."value" FROM "ar_internal_metadata" WHERE "ar_internal_metadata"."key" = ?[0m  [["key", "environment"]]
  [1m[35m (0.1ms)[0m  [1m[34mSELECT "schema_migrations"."version" FROM "schema_migrations" ORDER BY "schema_migrations"."version" ASC[0m
  [1m[35m (0.1ms)[0m  [1m[34mSELECT "ar_internal_metadata"."value" FROM "ar_internal_metadata" WHERE "ar_internal_metadata"."key" = ?[0m  [["key", "environment"]]
  [1m[35m (0.1ms)[0m  [1m[34mSELECT "schema_migrations"."version" FROM "schema_migrations" ORDER BY "schema_migrations"."version" ASC[0m
  [1m[35m (0.1ms)[0m  [1m[34mSELECT "ar_internal_metadata"."value" FROM "ar_internal_metadata" WHERE "ar_internal_metadata"."key" = ?[0m  [["key", "environment"]]
  [1m[35m (0.1ms)[0m  [1m[34mSELECT sqlite_version(*)[0m
  [1m[35m (2.0ms)[0m  [1m[35mCREATE TABLE "schema_migrations" ("version" varchar NOT NULL PRIMARY KEY)[0m
  [1m[35m (1.9ms)[0m  [1m[35mCREATE TABLE "ar_internal_metadata" ("key" varchar NOT NULL PRIMARY KEY, "value" varchar, "created_at" datetime NOT NULL, "updated_at" datetime NOT NULL)[0m
  [1m[35m (0.1ms)[0m  [1m[34mSELECT "schema_migrations"."version" FROM "schema_migrations" ORDER BY "schema_migrations"."version" ASC[0m
Migrating to CreateWidgets (20140510023211)
  [1m[35m (0.1ms)[0m  [1m[36mbegin transaction[0m
  [1m[35m (0.5ms)[0m  [1m[35mCREATE TABLE "widgets" ("id" INTEGER PRIMARY KEY AUTOINCREMENT NOT NULL, "created_at" datetime NOT NULL, "updated_at" datetime NOT NULL)[0m
  [1m[35mSQL (0.2ms)[0m  [1m[32mINSERT INTO "schema_migrations" ("version") VALUES (?)[0m  [["version", "20140510023211"]]
  [1m[35m (1.6ms)[0m  [1m[36mcommit transaction[0m
Migrating to CreateCoinPayments (20171226164156)
  [1m[35m (0.1ms)[0m  [1m[36mbegin transaction[0m
  [1m[35m (0.7ms)[0m  [1m[35mCREATE TABLE "coin_payments" ("id" INTEGER PRIMARY KEY AUTOINCREMENT NOT NULL, "payable_type" varchar, "coin_type" integer, "payable_id" integer, "currency" varchar, "reason" varchar, "price" integer, "coin_amount_due" integer(8) DEFAULT 0, "address" varchar, "state" varchar DEFAULT 'pending', "created_at" datetime, "updated_at" datetime, "coin_conversion" integer)[0m
  [1m[35m (0.3ms)[0m  [1m[35mCREATE  INDEX "index_coin_payments_on_payable_type_and_payable_id" ON "coin_payments" ("payable_type", "payable_id")[0m
  [1m[35mSQL (0.3ms)[0m  [1m[32mINSERT INTO "schema_migrations" ("version") VALUES (?)[0m  [["version", "20171226164156"]]
  [1m[35m (2.1ms)[0m  [1m[36mcommit transaction[0m
Migrating to CreateCoinPaymentTransactions (20171226164157)
  [1m[35m (0.1ms)[0m  [1m[36mbegin transaction[0m
  [1m[35m (0.7ms)[0m  [1m[35mCREATE TABLE "coin_payment_transactions" ("id" INTEGER PRIMARY KEY AUTOINCREMENT NOT NULL, "estimated_value" integer, "transaction_hash" varchar, "block_hash" varchar, "block_time" datetime, "estimated_time" datetime, "coin_payment_id" integer, "coin_conversion" integer, "confirmations" integer)[0m
  [1m[35m (0.4ms)[0m  [1m[35mCREATE  INDEX "index_coin_payment_transactions_on_coin_payment_id" ON "coin_payment_transactions" ("coin_payment_id")[0m
  [1m[35mSQL (0.3ms)[0m  [1m[32mINSERT INTO "schema_migrations" ("version") VALUES (?)[0m  [["version", "20171226164157"]]
  [1m[35m (1.7ms)[0m  [1m[36mcommit transaction[0m
Migrating to CreateCurrencyConversions (20171226164158)
  [1m[35m (0.1ms)[0m  [1m[36mbegin transaction[0m
  [1m[35m (0.4ms)[0m  [1m[35mCREATE TABLE "currency_conversions" ("id" INTEGER PRIMARY KEY AUTOINCREMENT NOT NULL, "currency" integer, "price" integer(8), "coin_type" integer, "created_at" datetime, "updated_at" datetime)[0m
  [1m[35mSQL (0.2ms)[0m  [1m[32mINSERT INTO "schema_migrations" ("version") VALUES (?)[0m  [["version", "20171226164158"]]
  [1m[35m (1.7ms)[0m  [1m[36mcommit transaction[0m
  [1m[36mActiveRecord::InternalMetadata Load (0.2ms)[0m  [1m[34mSELECT  "ar_internal_metadata".* FROM "ar_internal_metadata" WHERE "ar_internal_metadata"."key" = ? LIMIT ?[0m  [["key", "environment"], ["LIMIT", 1]]
  [1m[35m (0.0ms)[0m  [1m[36mbegin transaction[0m
  [1m[35mSQL (0.5ms)[0m  [1m[32mINSERT INTO "ar_internal_metadata" ("key", "value", "created_at", "updated_at") VALUES (?, ?, ?, ?)[0m  [["key", "environment"], ["value", "development"], ["created_at", "2017-12-26 16:42:08.820761"], ["updated_at", "2017-12-26 16:42:08.820761"]]
  [1m[35m (1.9ms)[0m  [1m[36mcommit transaction[0m
  [1m[35m (0.1ms)[0m  [1m[34mSELECT "schema_migrations"."version" FROM "schema_migrations" ORDER BY "schema_migrations"."version" ASC[0m
  [1m[35m (0.1ms)[0m  [1m[34m            SELECT sql
            FROM sqlite_master
            WHERE name='index_coin_payment_transactions_on_coin_payment_id' AND type='index'
            UNION ALL
            SELECT sql
            FROM sqlite_temp_master
            WHERE name='index_coin_payment_transactions_on_coin_payment_id' AND type='index'
[0m
  [1m[35m (0.1ms)[0m  [1m[34m            SELECT sql
            FROM sqlite_master
            WHERE name='index_coin_payments_on_payable_type_and_payable_id' AND type='index'
            UNION ALL
            SELECT sql
            FROM sqlite_temp_master
            WHERE name='index_coin_payments_on_payable_type_and_payable_id' AND type='index'
[0m
  [1m[35m (0.1ms)[0m  [1m[35mPRAGMA foreign_keys[0m
  [1m[35m (0.0ms)[0m  [1m[35mPRAGMA foreign_keys = OFF[0m
  [1m[35m (0.1ms)[0m  [1m[36mbegin transaction[0m
  [1m[36mFixture Delete (0.3ms)[0m  [1m[31mDELETE FROM "widgets"[0m
  [1m[36mFixture Insert (0.2ms)[0m  [1m[32mINSERT INTO "widgets" ("created_at", "updated_at", "id") VALUES ('2017-12-26 16:42:08.863822', '2017-12-26 16:42:08.863822', 980190962)[0m
  [1m[36mFixture Insert (0.2ms)[0m  [1m[32mINSERT INTO "widgets" ("created_at", "updated_at", "id") VALUES ('2017-12-26 16:42:08.863822', '2017-12-26 16:42:08.863822', 298486374)[0m
  [1m[35m (2.0ms)[0m  [1m[36mcommit transaction[0m
  [1m[35m (0.2ms)[0m  [1m[35mPRAGMA foreign_keys = 1[0m
  [1m[35m (0.1ms)[0m  [1m[34mSELECT "schema_migrations"."version" FROM "schema_migrations" ORDER BY "schema_migrations"."version" ASC[0m
  [1m[35m (1.4ms)[0m  [1m[34mSELECT "schema_migrations"."version" FROM "schema_migrations" ORDER BY "schema_migrations"."version" ASC[0m
  [1m[35m (1.8ms)[0m  [1m[34mSELECT "ar_internal_metadata"."value" FROM "ar_internal_metadata" WHERE "ar_internal_metadata"."key" = ?[0m  [["key", "environment"]]
  [1m[35m (0.1ms)[0m  [1m[34mSELECT "schema_migrations"."version" FROM "schema_migrations" ORDER BY "schema_migrations"."version" ASC[0m
  [1m[35m (0.1ms)[0m  [1m[34mSELECT "ar_internal_metadata"."value" FROM "ar_internal_metadata" WHERE "ar_internal_metadata"."key" = ?[0m  [["key", "environment"]]
  [1m[35m (0.2ms)[0m  [1m[34mSELECT "schema_migrations"."version" FROM "schema_migrations" ORDER BY "schema_migrations"."version" ASC[0m
  [1m[35m (0.1ms)[0m  [1m[34mSELECT "ar_internal_metadata"."value" FROM "ar_internal_metadata" WHERE "ar_internal_metadata"."key" = ?[0m  [["key", "environment"]]
  [1m[35m (0.1ms)[0m  [1m[34mSELECT sqlite_version(*)[0m
  [1m[35m (2.6ms)[0m  [1m[35mCREATE TABLE "schema_migrations" ("version" varchar NOT NULL PRIMARY KEY)[0m
  [1m[35m (2.3ms)[0m  [1m[35mCREATE TABLE "ar_internal_metadata" ("key" varchar NOT NULL PRIMARY KEY, "value" varchar, "created_at" datetime NOT NULL, "updated_at" datetime NOT NULL)[0m
  [1m[35m (0.2ms)[0m  [1m[34mSELECT "schema_migrations"."version" FROM "schema_migrations" ORDER BY "schema_migrations"."version" ASC[0m
Migrating to CreateWidgets (20140510023211)
  [1m[35m (0.1ms)[0m  [1m[36mbegin transaction[0m
  [1m[35m (0.5ms)[0m  [1m[35mCREATE TABLE "widgets" ("id" INTEGER PRIMARY KEY AUTOINCREMENT NOT NULL, "created_at" datetime NOT NULL, "updated_at" datetime NOT NULL)[0m
  [1m[35mSQL (0.2ms)[0m  [1m[32mINSERT INTO "schema_migrations" ("version") VALUES (?)[0m  [["version", "20140510023211"]]
  [1m[35m (2.0ms)[0m  [1m[36mcommit transaction[0m
Migrating to CreateCoinPayments (20171226172421)
  [1m[35m (0.1ms)[0m  [1m[36mbegin transaction[0m
  [1m[35m (0.7ms)[0m  [1m[35mCREATE TABLE "coin_payments" ("id" INTEGER PRIMARY KEY AUTOINCREMENT NOT NULL, "payable_type" varchar, "coin_type" integer, "payable_id" integer, "currency" varchar, "reason" varchar, "price" integer(8), "coin_amount_due" integer(8) DEFAULT 0, "address" varchar, "state" varchar DEFAULT 'pending', "created_at" datetime, "updated_at" datetime, "coin_conversion" integer)[0m
  [1m[35m (0.2ms)[0m  [1m[35mCREATE  INDEX "index_coin_payments_on_payable_type_and_payable_id" ON "coin_payments" ("payable_type", "payable_id")[0m
  [1m[35mSQL (0.2ms)[0m  [1m[32mINSERT INTO "schema_migrations" ("version") VALUES (?)[0m  [["version", "20171226172421"]]
  [1m[35m (1.5ms)[0m  [1m[36mcommit transaction[0m
Migrating to CreateCoinPaymentTransactions (20171226172422)
  [1m[35m (0.1ms)[0m  [1m[36mbegin transaction[0m
  [1m[35m (0.4ms)[0m  [1m[35mCREATE TABLE "coin_payment_transactions" ("id" INTEGER PRIMARY KEY AUTOINCREMENT NOT NULL, "estimated_value" integer, "transaction_hash" varchar, "block_hash" varchar, "block_time" datetime, "estimated_time" datetime, "coin_payment_id" integer, "coin_conversion" integer, "confirmations" integer)[0m
  [1m[35m (0.2ms)[0m  [1m[35mCREATE  INDEX "index_coin_payment_transactions_on_coin_payment_id" ON "coin_payment_transactions" ("coin_payment_id")[0m
  [1m[35mSQL (0.3ms)[0m  [1m[32mINSERT INTO "schema_migrations" ("version") VALUES (?)[0m  [["version", "20171226172422"]]
  [1m[35m (1.8ms)[0m  [1m[36mcommit transaction[0m
Migrating to CreateCurrencyConversions (20171226172423)
  [1m[35m (0.1ms)[0m  [1m[36mbegin transaction[0m
  [1m[35m (0.5ms)[0m  [1m[35mCREATE TABLE "currency_conversions" ("id" INTEGER PRIMARY KEY AUTOINCREMENT NOT NULL, "currency" integer, "price" integer(8), "coin_type" integer, "created_at" datetime, "updated_at" datetime)[0m
  [1m[35mSQL (0.2ms)[0m  [1m[32mINSERT INTO "schema_migrations" ("version") VALUES (?)[0m  [["version", "20171226172423"]]
  [1m[35m (1.7ms)[0m  [1m[36mcommit transaction[0m
  [1m[36mActiveRecord::InternalMetadata Load (0.2ms)[0m  [1m[34mSELECT  "ar_internal_metadata".* FROM "ar_internal_metadata" WHERE "ar_internal_metadata"."key" = ? LIMIT ?[0m  [["key", "environment"], ["LIMIT", 1]]
  [1m[35m (0.1ms)[0m  [1m[36mbegin transaction[0m
  [1m[35mSQL (0.4ms)[0m  [1m[32mINSERT INTO "ar_internal_metadata" ("key", "value", "created_at", "updated_at") VALUES (?, ?, ?, ?)[0m  [["key", "environment"], ["value", "development"], ["created_at", "2017-12-26 17:24:27.962696"], ["updated_at", "2017-12-26 17:24:27.962696"]]
  [1m[35m (1.8ms)[0m  [1m[36mcommit transaction[0m
  [1m[35m (0.1ms)[0m  [1m[34mSELECT "schema_migrations"."version" FROM "schema_migrations" ORDER BY "schema_migrations"."version" ASC[0m
  [1m[35m (0.1ms)[0m  [1m[34m            SELECT sql
            FROM sqlite_master
            WHERE name='index_coin_payment_transactions_on_coin_payment_id' AND type='index'
            UNION ALL
            SELECT sql
            FROM sqlite_temp_master
            WHERE name='index_coin_payment_transactions_on_coin_payment_id' AND type='index'
[0m
  [1m[35m (0.1ms)[0m  [1m[34m            SELECT sql
            FROM sqlite_master
            WHERE name='index_coin_payments_on_payable_type_and_payable_id' AND type='index'
            UNION ALL
            SELECT sql
            FROM sqlite_temp_master
            WHERE name='index_coin_payments_on_payable_type_and_payable_id' AND type='index'
[0m
  [1m[35m (0.1ms)[0m  [1m[35mPRAGMA foreign_keys[0m
  [1m[35m (0.1ms)[0m  [1m[35mPRAGMA foreign_keys = OFF[0m
  [1m[35m (0.1ms)[0m  [1m[36mbegin transaction[0m
  [1m[36mFixture Delete (0.4ms)[0m  [1m[31mDELETE FROM "widgets"[0m
  [1m[36mFixture Insert (0.2ms)[0m  [1m[32mINSERT INTO "widgets" ("created_at", "updated_at", "id") VALUES ('2017-12-26 17:24:27.994698', '2017-12-26 17:24:27.994698', 980190962)[0m
  [1m[36mFixture Insert (0.1ms)[0m  [1m[32mINSERT INTO "widgets" ("created_at", "updated_at", "id") VALUES ('2017-12-26 17:24:27.994698', '2017-12-26 17:24:27.994698', 298486374)[0m
  [1m[35m (1.6ms)[0m  [1m[36mcommit transaction[0m
  [1m[35m (0.1ms)[0m  [1m[35mPRAGMA foreign_keys = 1[0m
  [1m[35m (0.3ms)[0m  [1m[34mSELECT "schema_migrations"."version" FROM "schema_migrations" ORDER BY "schema_migrations"."version" ASC[0m
  [1m[35m (0.2ms)[0m  [1m[34mSELECT "schema_migrations"."version" FROM "schema_migrations" ORDER BY "schema_migrations"."version" ASC[0m
  [1m[35m (0.4ms)[0m  [1m[34mSELECT "ar_internal_metadata"."value" FROM "ar_internal_metadata" WHERE "ar_internal_metadata"."key" = ?[0m  [["key", "environment"]]
  [1m[35m (0.1ms)[0m  [1m[34mSELECT "schema_migrations"."version" FROM "schema_migrations" ORDER BY "schema_migrations"."version" ASC[0m
  [1m[35m (0.1ms)[0m  [1m[34mSELECT "ar_internal_metadata"."value" FROM "ar_internal_metadata" WHERE "ar_internal_metadata"."key" = ?[0m  [["key", "environment"]]
  [1m[35m (0.1ms)[0m  [1m[34mSELECT "schema_migrations"."version" FROM "schema_migrations" ORDER BY "schema_migrations"."version" ASC[0m
  [1m[35m (0.1ms)[0m  [1m[34mSELECT "ar_internal_metadata"."value" FROM "ar_internal_metadata" WHERE "ar_internal_metadata"."key" = ?[0m  [["key", "environment"]]
  [1m[35m (0.1ms)[0m  [1m[34mSELECT sqlite_version(*)[0m
  [1m[35m (2.2ms)[0m  [1m[35mCREATE TABLE "schema_migrations" ("version" varchar NOT NULL PRIMARY KEY)[0m
  [1m[35m (2.1ms)[0m  [1m[35mCREATE TABLE "ar_internal_metadata" ("key" varchar NOT NULL PRIMARY KEY, "value" varchar, "created_at" datetime NOT NULL, "updated_at" datetime NOT NULL)[0m
  [1m[35m (0.1ms)[0m  [1m[34mSELECT "schema_migrations"."version" FROM "schema_migrations" ORDER BY "schema_migrations"."version" ASC[0m
Migrating to CreateWidgets (20140510023211)
  [1m[35m (0.1ms)[0m  [1m[36mbegin transaction[0m
  [1m[35m (0.8ms)[0m  [1m[35mCREATE TABLE "widgets" ("id" INTEGER PRIMARY KEY AUTOINCREMENT NOT NULL, "created_at" datetime NOT NULL, "updated_at" datetime NOT NULL)[0m
  [1m[35mSQL (0.3ms)[0m  [1m[32mINSERT INTO "schema_migrations" ("version") VALUES (?)[0m  [["version", "20140510023211"]]
  [1m[35m (1.5ms)[0m  [1m[36mcommit transaction[0m
Migrating to CreateCoinPayments (20171226172801)
  [1m[35m (0.1ms)[0m  [1m[36mbegin transaction[0m
  [1m[35m (0.5ms)[0m  [1m[35mCREATE TABLE "coin_payments" ("id" INTEGER PRIMARY KEY AUTOINCREMENT NOT NULL, "payable_type" varchar, "coin_type" integer, "payable_id" integer, "currency" varchar, "reason" varchar, "price" integer(8), "coin_amount_due" integer(8) DEFAULT 0, "address" varchar, "state" varchar DEFAULT 'pending', "created_at" datetime, "updated_at" datetime, "coin_conversion" integer(8))[0m
  [1m[35m (0.2ms)[0m  [1m[35mCREATE  INDEX "index_coin_payments_on_payable_type_and_payable_id" ON "coin_payments" ("payable_type", "payable_id")[0m
  [1m[35mSQL (0.2ms)[0m  [1m[32mINSERT INTO "schema_migrations" ("version") VALUES (?)[0m  [["version", "20171226172801"]]
  [1m[35m (1.6ms)[0m  [1m[36mcommit transaction[0m
Migrating to CreateCoinPaymentTransactions (20171226172802)
  [1m[35m (0.1ms)[0m  [1m[36mbegin transaction[0m
  [1m[35m (0.7ms)[0m  [1m[35mCREATE TABLE "coin_payment_transactions" ("id" INTEGER PRIMARY KEY AUTOINCREMENT NOT NULL, "estimated_value" integer, "transaction_hash" varchar, "block_hash" varchar, "block_time" datetime, "estimated_time" datetime, "coin_payment_id" integer, "coin_conversion" integer(8), "confirmations" integer)[0m
  [1m[35m (0.2ms)[0m  [1m[35mCREATE  INDEX "index_coin_payment_transactions_on_coin_payment_id" ON "coin_payment_transactions" ("coin_payment_id")[0m
  [1m[35mSQL (0.2ms)[0m  [1m[32mINSERT INTO "schema_migrations" ("version") VALUES (?)[0m  [["version", "20171226172802"]]
  [1m[35m (1.7ms)[0m  [1m[36mcommit transaction[0m
Migrating to CreateCurrencyConversions (20171226172803)
  [1m[35m (0.1ms)[0m  [1m[36mbegin transaction[0m
  [1m[35m (1.1ms)[0m  [1m[35mCREATE TABLE "currency_conversions" ("id" INTEGER PRIMARY KEY AUTOINCREMENT NOT NULL, "currency" integer, "price" integer(8), "coin_type" integer, "created_at" datetime, "updated_at" datetime)[0m
  [1m[35mSQL (0.2ms)[0m  [1m[32mINSERT INTO "schema_migrations" ("version") VALUES (?)[0m  [["version", "20171226172803"]]
  [1m[35m (1.8ms)[0m  [1m[36mcommit transaction[0m
  [1m[36mActiveRecord::InternalMetadata Load (0.2ms)[0m  [1m[34mSELECT  "ar_internal_metadata".* FROM "ar_internal_metadata" WHERE "ar_internal_metadata"."key" = ? LIMIT ?[0m  [["key", "environment"], ["LIMIT", 1]]
  [1m[35m (0.1ms)[0m  [1m[36mbegin transaction[0m
  [1m[35mSQL (0.4ms)[0m  [1m[32mINSERT INTO "ar_internal_metadata" ("key", "value", "created_at", "updated_at") VALUES (?, ?, ?, ?)[0m  [["key", "environment"], ["value", "development"], ["created_at", "2017-12-26 17:28:06.056621"], ["updated_at", "2017-12-26 17:28:06.056621"]]
  [1m[35m (1.5ms)[0m  [1m[36mcommit transaction[0m
  [1m[35m (0.1ms)[0m  [1m[34mSELECT "schema_migrations"."version" FROM "schema_migrations" ORDER BY "schema_migrations"."version" ASC[0m
  [1m[35m (0.1ms)[0m  [1m[34m            SELECT sql
            FROM sqlite_master
            WHERE name='index_coin_payment_transactions_on_coin_payment_id' AND type='index'
            UNION ALL
            SELECT sql
            FROM sqlite_temp_master
            WHERE name='index_coin_payment_transactions_on_coin_payment_id' AND type='index'
[0m
  [1m[35m (0.1ms)[0m  [1m[34m            SELECT sql
            FROM sqlite_master
            WHERE name='index_coin_payments_on_payable_type_and_payable_id' AND type='index'
            UNION ALL
            SELECT sql
            FROM sqlite_temp_master
            WHERE name='index_coin_payments_on_payable_type_and_payable_id' AND type='index'
[0m
  [1m[35m (0.2ms)[0m  [1m[35mPRAGMA foreign_keys[0m
  [1m[35m (0.1ms)[0m  [1m[35mPRAGMA foreign_keys = OFF[0m
  [1m[35m (0.1ms)[0m  [1m[36mbegin transaction[0m
  [1m[36mFixture Delete (0.2ms)[0m  [1m[31mDELETE FROM "widgets"[0m
  [1m[36mFixture Insert (0.1ms)[0m  [1m[32mINSERT INTO "widgets" ("created_at", "updated_at", "id") VALUES ('2017-12-26 17:28:06.089973', '2017-12-26 17:28:06.089973', 980190962)[0m
  [1m[36mFixture Insert (0.1ms)[0m  [1m[32mINSERT INTO "widgets" ("created_at", "updated_at", "id") VALUES ('2017-12-26 17:28:06.089973', '2017-12-26 17:28:06.089973', 298486374)[0m
  [1m[35m (1.4ms)[0m  [1m[36mcommit transaction[0m
  [1m[35m (0.1ms)[0m  [1m[35mPRAGMA foreign_keys = 1[0m
  [1m[35m (0.8ms)[0m  [1m[34mSELECT "schema_migrations"."version" FROM "schema_migrations" ORDER BY "schema_migrations"."version" ASC[0m
  [1m[35m (1.7ms)[0m  [1m[34mSELECT "schema_migrations"."version" FROM "schema_migrations" ORDER BY "schema_migrations"."version" ASC[0m
  [1m[35m (1.5ms)[0m  [1m[34mSELECT "ar_internal_metadata"."value" FROM "ar_internal_metadata" WHERE "ar_internal_metadata"."key" = ?[0m  [["key", "environment"]]
  [1m[35m (0.1ms)[0m  [1m[34mSELECT "schema_migrations"."version" FROM "schema_migrations" ORDER BY "schema_migrations"."version" ASC[0m
  [1m[35m (0.1ms)[0m  [1m[34mSELECT "ar_internal_metadata"."value" FROM "ar_internal_metadata" WHERE "ar_internal_metadata"."key" = ?[0m  [["key", "environment"]]
  [1m[35m (0.1ms)[0m  [1m[34mSELECT "schema_migrations"."version" FROM "schema_migrations" ORDER BY "schema_migrations"."version" ASC[0m
  [1m[35m (0.1ms)[0m  [1m[34mSELECT "ar_internal_metadata"."value" FROM "ar_internal_metadata" WHERE "ar_internal_metadata"."key" = ?[0m  [["key", "environment"]]
  [1m[35m (0.1ms)[0m  [1m[34mSELECT sqlite_version(*)[0m
  [1m[35m (2.0ms)[0m  [1m[35mCREATE TABLE "schema_migrations" ("version" varchar NOT NULL PRIMARY KEY)[0m
  [1m[35m (2.0ms)[0m  [1m[35mCREATE TABLE "ar_internal_metadata" ("key" varchar NOT NULL PRIMARY KEY, "value" varchar, "created_at" datetime NOT NULL, "updated_at" datetime NOT NULL)[0m
  [1m[35m (0.1ms)[0m  [1m[34mSELECT "schema_migrations"."version" FROM "schema_migrations" ORDER BY "schema_migrations"."version" ASC[0m
Migrating to CreateWidgets (20140510023211)
  [1m[35m (0.1ms)[0m  [1m[36mbegin transaction[0m
  [1m[35m (0.4ms)[0m  [1m[35mCREATE TABLE "widgets" ("id" INTEGER PRIMARY KEY AUTOINCREMENT NOT NULL, "created_at" datetime NOT NULL, "updated_at" datetime NOT NULL)[0m
  [1m[35mSQL (0.2ms)[0m  [1m[32mINSERT INTO "schema_migrations" ("version") VALUES (?)[0m  [["version", "20140510023211"]]
  [1m[35m (1.7ms)[0m  [1m[36mcommit transaction[0m
Migrating to CreateCoinPayments (20171226190658)
  [1m[35m (0.1ms)[0m  [1m[36mbegin transaction[0m
  [1m[35m (0.4ms)[0m  [1m[35mCREATE TABLE "coin_payments" ("id" INTEGER PRIMARY KEY AUTOINCREMENT NOT NULL, "payable_type" varchar, "coin_type" integer, "payable_id" integer, "currency" varchar, "reason" varchar, "price" integer(8), "coin_amount_due" integer(8) DEFAULT 0, "address" varchar, "state" varchar DEFAULT 'pending', "created_at" datetime, "updated_at" datetime, "coin_conversion" integer(8))[0m
  [1m[35m (0.1ms)[0m  [1m[35mCREATE  INDEX "index_coin_payments_on_payable_type_and_payable_id" ON "coin_payments" ("payable_type", "payable_id")[0m
  [1m[35mSQL (0.2ms)[0m  [1m[32mINSERT INTO "schema_migrations" ("version") VALUES (?)[0m  [["version", "20171226190658"]]
  [1m[35m (1.7ms)[0m  [1m[36mcommit transaction[0m
Migrating to CreateCoinPaymentTransactions (20171226190659)
  [1m[35m (0.1ms)[0m  [1m[36mbegin transaction[0m
  [1m[35m (0.5ms)[0m  [1m[35mCREATE TABLE "coin_payment_transactions" ("id" INTEGER PRIMARY KEY AUTOINCREMENT NOT NULL, "estimated_value" integer, "transaction_hash" varchar, "block_hash" varchar, "block_time" datetime, "estimated_time" datetime, "coin_payment_id" integer, "coin_conversion" integer(8), "confirmations" integer)[0m
  [1m[35m (0.3ms)[0m  [1m[35mCREATE  INDEX "index_coin_payment_transactions_on_coin_payment_id" ON "coin_payment_transactions" ("coin_payment_id")[0m
  [1m[35mSQL (0.2ms)[0m  [1m[32mINSERT INTO "schema_migrations" ("version") VALUES (?)[0m  [["version", "20171226190659"]]
  [1m[35m (1.6ms)[0m  [1m[36mcommit transaction[0m
Migrating to CreateCurrencyConversions (20171226190660)
  [1m[35m (0.1ms)[0m  [1m[36mbegin transaction[0m
  [1m[35m (0.4ms)[0m  [1m[35mCREATE TABLE "currency_conversions" ("id" INTEGER PRIMARY KEY AUTOINCREMENT NOT NULL, "currency" integer, "price" integer(8), "coin_type" integer, "created_at" datetime, "updated_at" datetime)[0m
  [1m[35mSQL (0.2ms)[0m  [1m[32mINSERT INTO "schema_migrations" ("version") VALUES (?)[0m  [["version", "20171226190660"]]
  [1m[35m (1.7ms)[0m  [1m[36mcommit transaction[0m
  [1m[36mActiveRecord::InternalMetadata Load (0.3ms)[0m  [1m[34mSELECT  "ar_internal_metadata".* FROM "ar_internal_metadata" WHERE "ar_internal_metadata"."key" = ? LIMIT ?[0m  [["key", "environment"], ["LIMIT", 1]]
  [1m[35m (0.3ms)[0m  [1m[36mbegin transaction[0m
  [1m[35mSQL (0.7ms)[0m  [1m[32mINSERT INTO "ar_internal_metadata" ("key", "value", "created_at", "updated_at") VALUES (?, ?, ?, ?)[0m  [["key", "environment"], ["value", "development"], ["created_at", "2017-12-26 19:07:11.869311"], ["updated_at", "2017-12-26 19:07:11.869311"]]
  [1m[35m (1.8ms)[0m  [1m[36mcommit transaction[0m
  [1m[35m (0.1ms)[0m  [1m[34mSELECT "schema_migrations"."version" FROM "schema_migrations" ORDER BY "schema_migrations"."version" ASC[0m
  [1m[35m (0.1ms)[0m  [1m[34m            SELECT sql
            FROM sqlite_master
            WHERE name='index_coin_payment_transactions_on_coin_payment_id' AND type='index'
            UNION ALL
            SELECT sql
            FROM sqlite_temp_master
            WHERE name='index_coin_payment_transactions_on_coin_payment_id' AND type='index'
[0m
  [1m[35m (0.1ms)[0m  [1m[34m            SELECT sql
            FROM sqlite_master
            WHERE name='index_coin_payments_on_payable_type_and_payable_id' AND type='index'
            UNION ALL
            SELECT sql
            FROM sqlite_temp_master
            WHERE name='index_coin_payments_on_payable_type_and_payable_id' AND type='index'
[0m
  [1m[35m (0.1ms)[0m  [1m[35mPRAGMA foreign_keys[0m
  [1m[35m (0.1ms)[0m  [1m[35mPRAGMA foreign_keys = OFF[0m
  [1m[35m (0.1ms)[0m  [1m[36mbegin transaction[0m
  [1m[36mFixture Delete (0.2ms)[0m  [1m[31mDELETE FROM "widgets"[0m
  [1m[36mFixture Insert (0.1ms)[0m  [1m[32mINSERT INTO "widgets" ("created_at", "updated_at", "id") VALUES ('2017-12-26 19:07:11.911244', '2017-12-26 19:07:11.911244', 980190962)[0m
  [1m[36mFixture Insert (0.1ms)[0m  [1m[32mINSERT INTO "widgets" ("created_at", "updated_at", "id") VALUES ('2017-12-26 19:07:11.911244', '2017-12-26 19:07:11.911244', 298486374)[0m
  [1m[35m (1.8ms)[0m  [1m[36mcommit transaction[0m
  [1m[35m (0.1ms)[0m  [1m[35mPRAGMA foreign_keys = 1[0m
  [1m[35m (0.2ms)[0m  [1m[34mSELECT "schema_migrations"."version" FROM "schema_migrations" ORDER BY "schema_migrations"."version" ASC[0m
  [1m[35m (1.4ms)[0m  [1m[34mSELECT "schema_migrations"."version" FROM "schema_migrations" ORDER BY "schema_migrations"."version" ASC[0m
  [1m[35m (1.9ms)[0m  [1m[34mSELECT "ar_internal_metadata"."value" FROM "ar_internal_metadata" WHERE "ar_internal_metadata"."key" = ?[0m  [["key", "environment"]]
  [1m[35m (0.1ms)[0m  [1m[34mSELECT "schema_migrations"."version" FROM "schema_migrations" ORDER BY "schema_migrations"."version" ASC[0m
  [1m[35m (0.1ms)[0m  [1m[34mSELECT "ar_internal_metadata"."value" FROM "ar_internal_metadata" WHERE "ar_internal_metadata"."key" = ?[0m  [["key", "environment"]]
  [1m[35m (0.1ms)[0m  [1m[34mSELECT "schema_migrations"."version" FROM "schema_migrations" ORDER BY "schema_migrations"."version" ASC[0m
  [1m[35m (0.1ms)[0m  [1m[34mSELECT "ar_internal_metadata"."value" FROM "ar_internal_metadata" WHERE "ar_internal_metadata"."key" = ?[0m  [["key", "environment"]]
  [1m[35m (0.1ms)[0m  [1m[34mSELECT sqlite_version(*)[0m
  [1m[35m (4.4ms)[0m  [1m[35mCREATE TABLE "schema_migrations" ("version" varchar NOT NULL PRIMARY KEY)[0m
  [1m[35m (5.6ms)[0m  [1m[35mCREATE TABLE "ar_internal_metadata" ("key" varchar NOT NULL PRIMARY KEY, "value" varchar, "created_at" datetime NOT NULL, "updated_at" datetime NOT NULL)[0m
  [1m[35m (0.3ms)[0m  [1m[34mSELECT "schema_migrations"."version" FROM "schema_migrations" ORDER BY "schema_migrations"."version" ASC[0m
Migrating to CreateWidgets (20140510023211)
  [1m[35m (0.2ms)[0m  [1m[36mbegin transaction[0m
  [1m[35m (0.7ms)[0m  [1m[35mCREATE TABLE "widgets" ("id" INTEGER PRIMARY KEY AUTOINCREMENT NOT NULL, "created_at" datetime NOT NULL, "updated_at" datetime NOT NULL)[0m
  [1m[35mSQL (0.3ms)[0m  [1m[32mINSERT INTO "schema_migrations" ("version") VALUES (?)[0m  [["version", "20140510023211"]]
  [1m[35m (5.2ms)[0m  [1m[36mcommit transaction[0m
Migrating to CreateCoinPayments (20171226223915)
  [1m[35m (0.1ms)[0m  [1m[36mbegin transaction[0m
  [1m[35m (1.7ms)[0m  [1m[35mCREATE TABLE "coin_payments" ("id" INTEGER PRIMARY KEY AUTOINCREMENT NOT NULL, "payable_type" varchar, "coin_type" integer, "payable_id" integer, "currency" varchar, "reason" varchar, "price" integer(8), "coin_amount_due" integer(8) DEFAULT 0, "address" varchar, "state" varchar DEFAULT 'pending', "created_at" datetime, "updated_at" datetime, "coin_conversion" integer(8))[0m
  [1m[35m (0.2ms)[0m  [1m[35mCREATE  INDEX "index_coin_payments_on_payable_type_and_payable_id" ON "coin_payments" ("payable_type", "payable_id")[0m
  [1m[35mSQL (0.2ms)[0m  [1m[32mINSERT INTO "schema_migrations" ("version") VALUES (?)[0m  [["version", "20171226223915"]]
  [1m[35m (7.0ms)[0m  [1m[36mcommit transaction[0m
Migrating to CreateCoinPaymentTransactions (20171226223916)
  [1m[35m (0.1ms)[0m  [1m[36mbegin transaction[0m
  [1m[35m (0.7ms)[0m  [1m[35mCREATE TABLE "coin_payment_transactions" ("id" INTEGER PRIMARY KEY AUTOINCREMENT NOT NULL, "estimated_value" integer(8), "transaction_hash" varchar, "block_hash" varchar, "block_time" datetime, "estimated_time" datetime, "coin_payment_id" integer, "coin_conversion" integer(8), "confirmations" integer)[0m
  [1m[35m (0.2ms)[0m  [1m[35mCREATE  INDEX "index_coin_payment_transactions_on_coin_payment_id" ON "coin_payment_transactions" ("coin_payment_id")[0m
  [1m[35mSQL (0.4ms)[0m  [1m[32mINSERT INTO "schema_migrations" ("version") VALUES (?)[0m  [["version", "20171226223916"]]
  [1m[35m (2.5ms)[0m  [1m[36mcommit transaction[0m
Migrating to CreateCurrencyConversions (20171226223917)
  [1m[35m (0.1ms)[0m  [1m[36mbegin transaction[0m
  [1m[35m (0.6ms)[0m  [1m[35mCREATE TABLE "currency_conversions" ("id" INTEGER PRIMARY KEY AUTOINCREMENT NOT NULL, "currency" integer, "price" integer(8), "coin_type" integer, "created_at" datetime, "updated_at" datetime)[0m
  [1m[35mSQL (0.3ms)[0m  [1m[32mINSERT INTO "schema_migrations" ("version") VALUES (?)[0m  [["version", "20171226223917"]]
  [1m[35m (3.3ms)[0m  [1m[36mcommit transaction[0m
  [1m[36mActiveRecord::InternalMetadata Load (0.3ms)[0m  [1m[34mSELECT  "ar_internal_metadata".* FROM "ar_internal_metadata" WHERE "ar_internal_metadata"."key" = ? LIMIT ?[0m  [["key", "environment"], ["LIMIT", 1]]
  [1m[35m (0.1ms)[0m  [1m[36mbegin transaction[0m
  [1m[35mSQL (0.8ms)[0m  [1m[32mINSERT INTO "ar_internal_metadata" ("key", "value", "created_at", "updated_at") VALUES (?, ?, ?, ?)[0m  [["key", "environment"], ["value", "development"], ["created_at", "2017-12-26 22:39:22.047587"], ["updated_at", "2017-12-26 22:39:22.047587"]]
  [1m[35m (5.0ms)[0m  [1m[36mcommit transaction[0m
  [1m[35m (0.2ms)[0m  [1m[34mSELECT "schema_migrations"."version" FROM "schema_migrations" ORDER BY "schema_migrations"."version" ASC[0m
  [1m[35m (0.1ms)[0m  [1m[34m            SELECT sql
            FROM sqlite_master
            WHERE name='index_coin_payment_transactions_on_coin_payment_id' AND type='index'
            UNION ALL
            SELECT sql
            FROM sqlite_temp_master
            WHERE name='index_coin_payment_transactions_on_coin_payment_id' AND type='index'
[0m
  [1m[35m (0.1ms)[0m  [1m[34m            SELECT sql
            FROM sqlite_master
            WHERE name='index_coin_payments_on_payable_type_and_payable_id' AND type='index'
            UNION ALL
            SELECT sql
            FROM sqlite_temp_master
            WHERE name='index_coin_payments_on_payable_type_and_payable_id' AND type='index'
[0m
  [1m[35m (0.1ms)[0m  [1m[35mPRAGMA foreign_keys[0m
  [1m[35m (0.1ms)[0m  [1m[35mPRAGMA foreign_keys = OFF[0m
  [1m[35m (0.1ms)[0m  [1m[36mbegin transaction[0m
  [1m[36mFixture Delete (0.4ms)[0m  [1m[31mDELETE FROM "widgets"[0m
  [1m[36mFixture Insert (0.2ms)[0m  [1m[32mINSERT INTO "widgets" ("created_at", "updated_at", "id") VALUES ('2017-12-26 22:39:22.095573', '2017-12-26 22:39:22.095573', 980190962)[0m
  [1m[36mFixture Insert (0.1ms)[0m  [1m[32mINSERT INTO "widgets" ("created_at", "updated_at", "id") VALUES ('2017-12-26 22:39:22.095573', '2017-12-26 22:39:22.095573', 298486374)[0m
  [1m[35m (3.2ms)[0m  [1m[36mcommit transaction[0m
  [1m[35m (0.2ms)[0m  [1m[35mPRAGMA foreign_keys = 1[0m
  [1m[35m (0.1ms)[0m  [1m[34mSELECT "schema_migrations"."version" FROM "schema_migrations" ORDER BY "schema_migrations"."version" ASC[0m
